Sender: LSF System <lsfadmin@b6d4fc56ff.cern.ch>
Subject: Job 600389151: <scompact.job /afs/cern.ch/user/r/rmarchev/compact/reader/kplus_pipie7 kplus_pipie7> in cluster batch Done

Job <scompact.job /afs/cern.ch/user/r/rmarchev/compact/reader/kplus_pipie7 kplus_pipie7> was submitted from host <lxplus0051.cern.ch> by user <rmarchev> in cluster <batch>.
Job was executed on host(s) <b6d4fc56ff.cern.ch>, in queue <2nd>, as user <rmarchev> in cluster <batch>.
</afs/cern.ch/user/r/rmarchev> was used as the home directory.
</afs/cern.ch/user/r/rmarchev/compact/reader/kplus_pipie7> was used as the working directory.
Started at Tue Dec  9 23:15:45 2014
Results reported at Wed Dec 10 00:22:25 2014

Your job looked like:

------------------------------------------------------------
# LSBATCH: User input
scompact.job /afs/cern.ch/user/r/rmarchev/compact/reader/kplus_pipie7 kplus_pipie7
------------------------------------------------------------

Successfully completed.

Resource usage summary:

    CPU time   :   1233.63 sec.
    Max Memory :       420 MB
    Max Swap   :      1011 MB

    Max Processes  :         6
    Max Threads    :        21

The output (if any) follows:

@(#)CERN job starter $Date: 2010/06/23 14:22:16 $
Working directory is </pool/lsf/rmarchev/600389151> on <>


Job finished at Wed Dec 10 00:22:21 CET 2014 on node 
 under linux version Scientific Linux CERN SLC release 6.6 (Carbon)

CERN statistics: This process used approximately : 0:34:47 KSI2K hours (2087 KSI2K seconds)
                 This process corresponds to     : 2:15:41 HS06  hours (8141 HS06  seconds)
