Sender: LSF System <lsfadmin@b624c80ad4.cern.ch>
Subject: Job 600389142: <scompact.job /afs/cern.ch/user/r/rmarchev/compact/reader/kplus_pipie3 kplus_pipie3> in cluster batch Done

Job <scompact.job /afs/cern.ch/user/r/rmarchev/compact/reader/kplus_pipie3 kplus_pipie3> was submitted from host <lxplus0051.cern.ch> by user <rmarchev> in cluster <batch>.
Job was executed on host(s) <b624c80ad4.cern.ch>, in queue <2nd>, as user <rmarchev> in cluster <batch>.
</afs/cern.ch/user/r/rmarchev> was used as the home directory.
</afs/cern.ch/user/r/rmarchev/compact/reader/kplus_pipie3> was used as the working directory.
Started at Tue Dec  9 23:13:38 2014
Results reported at Tue Dec  9 23:36:47 2014

Your job looked like:

------------------------------------------------------------
# LSBATCH: User input
scompact.job /afs/cern.ch/user/r/rmarchev/compact/reader/kplus_pipie3 kplus_pipie3
------------------------------------------------------------

Successfully completed.

Resource usage summary:

    CPU time   :   1056.81 sec.
    Max Memory :       406 MB
    Max Swap   :      1003 MB

    Max Processes  :         6
    Max Threads    :        21

The output (if any) follows:

@(#)CERN job starter $Date: 2010/06/23 14:22:16 $
Working directory is </pool/lsf/rmarchev/600389142> on <>


Job finished at Tue Dec  9 23:36:45 CET 2014 on node 
 under linux version Scientific Linux CERN SLC release 6.6 (Carbon)

CERN statistics: This process used approximately : 0:26:50 KSI2K hours (1610 KSI2K seconds)
                 This process corresponds to     : 1:44:40 HS06  hours (6280 HS06  seconds)
