*COmPACT* (Tue Dec  9 23:15:12 2014) - readflist: 25 filenames found and read
*COmPACT* (Tue Dec  9 23:15:12 2014) - ****************************************
*COmPACT* (Tue Dec  9 23:15:12 2014) - *                                      *
*COmPACT* (Tue Dec  9 23:15:12 2014) - * Setting up compact for use with ROOT *
*COmPACT* (Tue Dec  9 23:15:12 2014) - *                                      *
*COmPACT* (Tue Dec  9 23:15:12 2014) - ****************************************
*COmPACT* (Tue Dec  9 23:15:12 2014) - filename /castor/cern.ch/user/r/rmarchev/cmc007/magnet_corr/turbo/15644/kplus/kch_pipiene/kch_pipiene_07_03_2013.cmp1 offset 0
*COmPACT* (Tue Dec  9 23:15:15 2014) - openCompact: Version 7.3 MC Compact file, named /castor/cern.ch/user/r/rmarchev/cmc007/magnet_corr/turbo/15644/kplus/kch_pipiene/kch_pipiene_07_03_2013.cmp1 opened
*COmPACT* (Tue Dec  9 23:15:15 2014) - ***************************************************
*COmPACT* (Tue Dec  9 23:15:15 2014) - *                                                  
*COmPACT* (Tue Dec  9 23:15:15 2014) - *                 SQL database opened              
*COmPACT* (Tue Dec  9 23:15:15 2014) - *     version 3 (upd. Mon Jun 10 18:05:59 2013)
*COmPACT* (Tue Dec  9 23:15:15 2014) - * Available database tables are:                   
*COmPACT* (Tue Dec  9 23:15:15 2014) - * -----------------------------> bb_akl 
*COmPACT* (Tue Dec  9 23:15:15 2014) - * -----------------------------> bb_clk 
*COmPACT* (Tue Dec  9 23:15:15 2014) - * -----------------------------> bb_dch 
*COmPACT* (Tue Dec  9 23:15:15 2014) - * -----------------------------> bb_hac 
*COmPACT* (Tue Dec  9 23:15:15 2014) - * -----------------------------> bb_hodc 
*COmPACT* (Tue Dec  9 23:15:15 2014) - * -----------------------------> bb_hodn 
*COmPACT* (Tue Dec  9 23:15:15 2014) - * -----------------------------> bb_kab 
*COmPACT* (Tue Dec  9 23:15:15 2014) - * -----------------------------> bb_lkr 
*COmPACT* (Tue Dec  9 23:15:15 2014) - * -----------------------------> bb_mbx 
*COmPACT* (Tue Dec  9 23:15:15 2014) - * -----------------------------> bb_muv 
*COmPACT* (Tue Dec  9 23:15:15 2014) - * -----------------------------> bb_nut 
*COmPACT* (Tue Dec  9 23:15:15 2014) - * -----------------------------> bb_phys 
*COmPACT* (Tue Dec  9 23:15:15 2014) - * -----------------------------> bb_pmb 
*COmPACT* (Tue Dec  9 23:15:15 2014) - * -----------------------------> br_akl 
*COmPACT* (Tue Dec  9 23:15:15 2014) - * -----------------------------> br_clk 
*COmPACT* (Tue Dec  9 23:15:15 2014) - * -----------------------------> br_dch 
*COmPACT* (Tue Dec  9 23:15:15 2014) - * -----------------------------> br_hac 
*COmPACT* (Tue Dec  9 23:15:15 2014) - * -----------------------------> br_hodc 
*COmPACT* (Tue Dec  9 23:15:15 2014) - * -----------------------------> br_hodn 
*COmPACT* (Tue Dec  9 23:15:15 2014) - * -----------------------------> br_kab 
*COmPACT* (Tue Dec  9 23:15:15 2014) - * -----------------------------> br_lkr 
*COmPACT* (Tue Dec  9 23:15:15 2014) - * -----------------------------> br_mbx 
*COmPACT* (Tue Dec  9 23:15:15 2014) - * -----------------------------> br_muv 
*COmPACT* (Tue Dec  9 23:15:15 2014) - * -----------------------------> br_nut 
*COmPACT* (Tue Dec  9 23:15:15 2014) - * -----------------------------> br_phys 
*COmPACT* (Tue Dec  9 23:15:15 2014) - * -----------------------------> br_pmb 
*COmPACT* (Tue Dec  9 23:15:15 2014) - * -----------------------------> cog 
*COmPACT* (Tue Dec  9 23:15:15 2014) - * -----------------------------> db_ver 
*COmPACT* (Tue Dec  9 23:15:15 2014) - * -----------------------------> eb_corr 
*COmPACT* (Tue Dec  9 23:15:15 2014) - * -----------------------------> kab_mom_corr 
*COmPACT* (Tue Dec  9 23:15:15 2014) - * -----------------------------> kab_mom_corr_mc 
*COmPACT* (Tue Dec  9 23:15:15 2014) - * -----------------------------> mass 
*COmPACT* (Tue Dec  9 23:15:15 2014) - * -----------------------------> mccog 
*COmPACT* (Tue Dec  9 23:15:15 2014) - * -----------------------------> mcmass 
*COmPACT* (Tue Dec  9 23:15:15 2014) - * -----------------------------> mcpkaon 
*COmPACT* (Tue Dec  9 23:15:15 2014) - * -----------------------------> pkaon 
*COmPACT* (Tue Dec  9 23:15:15 2014) - * -----------------------------> run_att 
*COmPACT* (Tue Dec  9 23:15:15 2014) - * -----------------------------> sample 
*COmPACT* (Tue Dec  9 23:15:15 2014) - * -----------------------------> toff_akl 
*COmPACT* (Tue Dec  9 23:15:15 2014) - * -----------------------------> toff_aks 
*COmPACT* (Tue Dec  9 23:15:15 2014) - * -----------------------------> toff_dch 
*COmPACT* (Tue Dec  9 23:15:15 2014) - * -----------------------------> toff_hac 
*COmPACT* (Tue Dec  9 23:15:15 2014) - * -----------------------------> toff_kab_extra 
*COmPACT* (Tue Dec  9 23:15:15 2014) - * -----------------------------> toff_lkr 
*COmPACT* (Tue Dec  9 23:15:15 2014) - * -----------------------------> toff_lkr_akl 
*COmPACT* (Tue Dec  9 23:15:15 2014) - * -----------------------------> toff_lkr_hac 
*COmPACT* (Tue Dec  9 23:15:15 2014) - * -----------------------------> toff_lkr_nhod 
*COmPACT* (Tue Dec  9 23:15:15 2014) - * -----------------------------> toff_lkr_tag 
*COmPACT* (Tue Dec  9 23:15:15 2014) - * -----------------------------> toff_muv 
*COmPACT* (Tue Dec  9 23:15:15 2014) - * -----------------------------> toff_nhod 
*COmPACT* (Tue Dec  9 23:15:15 2014) - * -----------------------------> toff_tag 
*COmPACT* (Tue Dec  9 23:15:15 2014) - *                                                  
*COmPACT* (Tue Dec  9 23:15:15 2014) - ************************************************** 
*COmPACT* (Tue Dec  9 23:15:15 2014) - /afs/cern.ch/na48/offline2/compact/compact-7.3/compact/database/database.db
*COmPACT* (Tue Dec  9 23:15:15 2014) - ************************************************** 
*COmPACT* (Tue Dec  9 23:15:15 2014) - *  Initializing DB scale factors                   
*COmPACT* (Tue Dec  9 23:15:15 2014) - ------------Using the following scale factors------------
*COmPACT* (Tue Dec  9 23:15:15 2014) - mass:  1000000.0 1000000.0 1000000.0 1000000.0
*COmPACT* (Tue Dec  9 23:15:15 2014) - cog:  10000.0 10000.0 10000.0 10000.0 10000.0 10000.0 10000.0 10000.0
*COmPACT* (Tue Dec  9 23:15:15 2014) -  File for lkr HIKS 2000 opened successfully: /afs/cern.ch/na48/offline2/compact/compact-7.3/compact/GeomFiles//lkrcalhi2k.dat
Warning in <TH1F::Sumw2>: Sum of squares of weights structure already created
Warning in <TH1F::Sumw2>: Sum of squares of weights structure already created
Warning in <TH1F::Sumw2>: Sum of squares of weights structure already created
Warning in <TH1F::Sumw2>: Sum of squares of weights structure already created
Warning in <TH1F::Sumw2>: Sum of squares of weights structure already created
Warning in <TH1F::Sumw2>: Sum of squares of weights structure already created
Warning in <TH1F::Sumw2>: Sum of squares of weights structure already created
Warning in <TH1F::Sumw2>: Sum of squares of weights structure already created
File on castor:  not OK for xrootd: /castor/cern.ch/user/r/rmarchev/cmc007/magnet_corr/turbo/15644/kplus/kch_pipiene/kch_pipiene_07_03_2013.cmp1
Using file name: root://castorpublic.cern.ch//castor/cern.ch/user/r/rmarchev/cmc007/magnet_corr/turbo/15644/kplus/kch_pipiene/kch_pipiene_07_03_2013.cmp1
File written with SQL db version 0 (upd. 33817626)
 File for blue tube mag. field opened sucessfully
  COEFMS FOR CH 2 TO CH4   1.00635886  1.10587746E-06  0.000985967577
  COEFMS FROM KEVLAR WINDOW TO CH1  0.00330900401  3.38685766E-07
  3.31794108E-05
### saving histograms to file run2007.root
File /afs/cern.ch/na48/offline2/compact/compact-7.3/compact/GeomFiles/rdgeom2003.data for the NA48 geometry open successfully 
 Opened Kabes calibration files: 
 /afs/cern.ch/na48/offline2/compact/compact-7.3/compact/GeomFiles/kabes_cal_mc.dat
  Kabes calibration constant update FOR RUN: 15644
  Number of data set for:
 KABE KACS KAT1 KCAB KDET KAT0 KATS KARA KAYC KASY KAGE KAMA USER
                                   
    1    2    3    2 1316    4    1    2    3    1 1305 1316    3
  Data set for:KABE
  Validity range taken: 15000 99999
  Data set for:KACS
  Validity range taken: 15000 16905
  Data set for:KAT1
  Validity range taken: 15000 15999
  Data set for:KCAB
  Validity range taken: 15000 16905
  Data set for:KDET
  Validity range taken: 15644 15644
  Data set for:KAT0
  Validity range taken: 15000 15999
  Data set for:KATS
  Validity range taken: 15000 16999
  Data set for:KARA
  Validity range taken: 15000 16915
  Data set for:KAYC
  Validity range taken: 15000 15999
  Data set for:KASY
  Validity range taken: 15000 99999
  Data set for:KAGE
  Validity range taken: 15644 15644
  Data set for:KAMA
  Validity range taken: 15644 15644
  Data set for:USER
  Validity range taken: 15000 15999
burst number = 1  -  run 15644  -  period 0  -  burst time 0  -  BadB.Skip = 0  -  magnet current = -540.0  -  dataType = 2
 File for Lkr DC correction opened sucessfully
 File for Lkr Sharing_mc_corr correction opened sucessfully
  read 1-1-11   1.00020504
**COmPACT Warning** (Tue Dec  9 23:15:17 2014) - More than 10 muons found
*COmPACT* (Tue Dec  9 23:15:50 2014) - closeCompact: Closing input file
*COmPACT* (Tue Dec  9 23:15:50 2014) - filename /castor/cern.ch/user/r/rmarchev/cmc007/magnet_corr/turbo/15647/kplus/kch_pipiene/kch_pipiene_07_03_2013.cmp1 offset 0
*COmPACT* (Tue Dec  9 23:15:54 2014) - openCompact: Version 7.3 MC Compact file, named /castor/cern.ch/user/r/rmarchev/cmc007/magnet_corr/turbo/15647/kplus/kch_pipiene/kch_pipiene_07_03_2013.cmp1 opened
File on castor:  not OK for xrootd: /castor/cern.ch/user/r/rmarchev/cmc007/magnet_corr/turbo/15647/kplus/kch_pipiene/kch_pipiene_07_03_2013.cmp1
Using file name: root://castorpublic.cern.ch//castor/cern.ch/user/r/rmarchev/cmc007/magnet_corr/turbo/15647/kplus/kch_pipiene/kch_pipiene_07_03_2013.cmp1
 Opened Kabes calibration files: 
 /afs/cern.ch/na48/offline2/compact/compact-7.3/compact/GeomFiles/kabes_cal_mc.dat
  Kabes calibration constant update FOR RUN: 15647
  Number of data set for:
 KABE KACS KAT1 KCAB KDET KAT0 KATS KARA KAYC KASY KAGE KAMA USER
                                   
    1    2    3    2 1316    4    1    2    3    1 1305 1316    3
  Data set for:KABE
  Validity range taken: 15000 99999
  Data set for:KACS
  Validity range taken: 15000 16905
  Data set for:KAT1
  Validity range taken: 15000 15999
  Data set for:KCAB
  Validity range taken: 15000 16905
  Data set for:KDET
  Validity range taken: 15647 15647
  Data set for:KAT0
  Validity range taken: 15000 15999
  Data set for:KATS
  Validity range taken: 15000 16999
  Data set for:KARA
  Validity range taken: 15000 16915
  Data set for:KAYC
  Validity range taken: 15000 15999
  Data set for:KASY
  Validity range taken: 15000 99999
  Data set for:KAGE
  Validity range taken: 15647 15647
  Data set for:KAMA
  Validity range taken: 15647 15647
  Data set for:USER
  Validity range taken: 15000 15999
burst number = 2  -  run 15647  -  period 0  -  burst time 0  -  BadB.Skip = 0  -  magnet current = -540.0  -  dataType = 2
*COmPACT* (Tue Dec  9 23:16:00 2014) - closeCompact: Closing input file
*COmPACT* (Tue Dec  9 23:16:00 2014) - filename /castor/cern.ch/user/r/rmarchev/cmc007/magnet_corr/turbo/15648/kplus/kch_pipiene/kch_pipiene_07_03_2013.cmp2 offset 0
*COmPACT* (Tue Dec  9 23:16:09 2014) - openCompact: Version 7.3 MC Compact file, named /castor/cern.ch/user/r/rmarchev/cmc007/magnet_corr/turbo/15648/kplus/kch_pipiene/kch_pipiene_07_03_2013.cmp2 opened
File on castor:  not OK for xrootd: /castor/cern.ch/user/r/rmarchev/cmc007/magnet_corr/turbo/15648/kplus/kch_pipiene/kch_pipiene_07_03_2013.cmp2
Using file name: root://castorpublic.cern.ch//castor/cern.ch/user/r/rmarchev/cmc007/magnet_corr/turbo/15648/kplus/kch_pipiene/kch_pipiene_07_03_2013.cmp2
 Opened Kabes calibration files: 
 /afs/cern.ch/na48/offline2/compact/compact-7.3/compact/GeomFiles/kabes_cal_mc.dat
  Kabes calibration constant update FOR RUN: 15648
  Number of data set for:
 KABE KACS KAT1 KCAB KDET KAT0 KATS KARA KAYC KASY KAGE KAMA USER
                                   
    1    2    3    2 1316    4    1    2    3    1 1305 1316    3
  Data set for:KABE
  Validity range taken: 15000 99999
  Data set for:KACS
  Validity range taken: 15000 16905
  Data set for:KAT1
  Validity range taken: 15000 15999
  Data set for:KCAB
  Validity range taken: 15000 16905
  Data set for:KDET
  Validity range taken: 15648 15648
  Data set for:KAT0
  Validity range taken: 15000 15999
  Data set for:KATS
  Validity range taken: 15000 16999
  Data set for:KARA
  Validity range taken: 15000 16915
  Data set for:KAYC
  Validity range taken: 15000 15999
  Data set for:KASY
  Validity range taken: 15000 99999
  Data set for:KAGE
  Validity range taken: 15648 15648
  Data set for:KAMA
  Validity range taken: 15648 15648
  Data set for:USER
  Validity range taken: 15000 15999
burst number = 3  -  run 15648  -  period 0  -  burst time 0  -  BadB.Skip = 0  -  magnet current = -540.0  -  dataType = 2
*COmPACT* (Tue Dec  9 23:16:09 2014) - closeCompact: Closing input file
*COmPACT* (Tue Dec  9 23:16:09 2014) - filename /castor/cern.ch/user/r/rmarchev/cmc007/magnet_corr/turbo/15648/kplus/kch_pipiene/kch_pipiene_07_03_2013.cmp1 offset 0
*COmPACT* (Tue Dec  9 23:16:18 2014) - openCompact: Version 7.3 MC Compact file, named /castor/cern.ch/user/r/rmarchev/cmc007/magnet_corr/turbo/15648/kplus/kch_pipiene/kch_pipiene_07_03_2013.cmp1 opened
File on castor:  not OK for xrootd: /castor/cern.ch/user/r/rmarchev/cmc007/magnet_corr/turbo/15648/kplus/kch_pipiene/kch_pipiene_07_03_2013.cmp1
Using file name: root://castorpublic.cern.ch//castor/cern.ch/user/r/rmarchev/cmc007/magnet_corr/turbo/15648/kplus/kch_pipiene/kch_pipiene_07_03_2013.cmp1
burst number = 4  -  run 15648  -  period 0  -  burst time 0  -  BadB.Skip = 0  -  magnet current = -540.0  -  dataType = 2
*COmPACT* (Tue Dec  9 23:18:12 2014) - closeCompact: Closing input file
*COmPACT* (Tue Dec  9 23:18:12 2014) - filename /castor/cern.ch/user/r/rmarchev/cmc007/magnet_corr/turbo/15649/kplus/kch_pipiene/kch_pipiene_07_03_2013.cmp1 offset 0
*COmPACT* (Tue Dec  9 23:18:18 2014) - openCompact: Version 7.3 MC Compact file, named /castor/cern.ch/user/r/rmarchev/cmc007/magnet_corr/turbo/15649/kplus/kch_pipiene/kch_pipiene_07_03_2013.cmp1 opened
File on castor:  not OK for xrootd: /castor/cern.ch/user/r/rmarchev/cmc007/magnet_corr/turbo/15649/kplus/kch_pipiene/kch_pipiene_07_03_2013.cmp1
Using file name: root://castorpublic.cern.ch//castor/cern.ch/user/r/rmarchev/cmc007/magnet_corr/turbo/15649/kplus/kch_pipiene/kch_pipiene_07_03_2013.cmp1
 Opened Kabes calibration files: 
 /afs/cern.ch/na48/offline2/compact/compact-7.3/compact/GeomFiles/kabes_cal_mc.dat
  Kabes calibration constant update FOR RUN: 15649
  Number of data set for:
 KABE KACS KAT1 KCAB KDET KAT0 KATS KARA KAYC KASY KAGE KAMA USER
                                   
    1    2    3    2 1316    4    1    2    3    1 1305 1316    3
  Data set for:KABE
  Validity range taken: 15000 99999
  Data set for:KACS
  Validity range taken: 15000 16905
  Data set for:KAT1
  Validity range taken: 15000 15999
  Data set for:KCAB
  Validity range taken: 15000 16905
  Data set for:KDET
  Validity range taken: 15649 15649
  Data set for:KAT0
  Validity range taken: 15000 15999
  Data set for:KATS
  Validity range taken: 15000 16999
  Data set for:KARA
  Validity range taken: 15000 16915
  Data set for:KAYC
  Validity range taken: 15000 15999
  Data set for:KASY
  Validity range taken: 15000 99999
  Data set for:KAGE
  Validity range taken: 15649 15649
  Data set for:KAMA
  Validity range taken: 15649 15649
  Data set for:USER
  Validity range taken: 15000 15999
burst number = 5  -  run 15649  -  period 0  -  burst time 0  -  BadB.Skip = 0  -  magnet current = 540.0  -  dataType = 2
*COmPACT* (Tue Dec  9 23:18:27 2014) - closeCompact: Closing input file
*COmPACT* (Tue Dec  9 23:18:29 2014) - filename /castor/cern.ch/user/r/rmarchev/cmc007/magnet_corr/turbo/15650/kplus/kch_pipiene/kch_pipiene_07_03_2013.cmp1 offset 0
*COmPACT* (Tue Dec  9 23:18:37 2014) - openCompact: Version 7.3 MC Compact file, named /castor/cern.ch/user/r/rmarchev/cmc007/magnet_corr/turbo/15650/kplus/kch_pipiene/kch_pipiene_07_03_2013.cmp1 opened
File on castor:  not OK for xrootd: /castor/cern.ch/user/r/rmarchev/cmc007/magnet_corr/turbo/15650/kplus/kch_pipiene/kch_pipiene_07_03_2013.cmp1
Using file name: root://castorpublic.cern.ch//castor/cern.ch/user/r/rmarchev/cmc007/magnet_corr/turbo/15650/kplus/kch_pipiene/kch_pipiene_07_03_2013.cmp1
 Opened Kabes calibration files: 
 /afs/cern.ch/na48/offline2/compact/compact-7.3/compact/GeomFiles/kabes_cal_mc.dat
  Kabes calibration constant update FOR RUN: 15650
  Number of data set for:
 KABE KACS KAT1 KCAB KDET KAT0 KATS KARA KAYC KASY KAGE KAMA USER
                                   
    1    2    3    2 1316    4    1    2    3    1 1305 1316    3
  Data set for:KABE
  Validity range taken: 15000 99999
  Data set for:KACS
  Validity range taken: 15000 16905
  Data set for:KAT1
  Validity range taken: 15000 15999
  Data set for:KCAB
  Validity range taken: 15000 16905
  Data set for:KDET
  Validity range taken: 15650 15650
  Data set for:KAT0
  Validity range taken: 15000 15999
  Data set for:KATS
  Validity range taken: 15000 16999
  Data set for:KARA
  Validity range taken: 15000 16915
  Data set for:KAYC
  Validity range taken: 15000 15999
  Data set for:KASY
  Validity range taken: 15000 99999
  Data set for:KAGE
  Validity range taken: 15650 15650
  Data set for:KAMA
  Validity range taken: 15650 15650
  Data set for:USER
  Validity range taken: 15000 15999
burst number = 6  -  run 15650  -  period 0  -  burst time 0  -  BadB.Skip = 0  -  magnet current = 540.0  -  dataType = 2
*COmPACT* (Tue Dec  9 23:18:45 2014) - closeCompact: Closing input file
*COmPACT* (Tue Dec  9 23:18:47 2014) - filename /castor/cern.ch/user/r/rmarchev/cmc007/magnet_corr/turbo/15652/kplus/kch_pipiene/kch_pipiene_07_03_2013.cmp1 offset 0
*COmPACT* (Tue Dec  9 23:18:56 2014) - openCompact: Version 7.3 MC Compact file, named /castor/cern.ch/user/r/rmarchev/cmc007/magnet_corr/turbo/15652/kplus/kch_pipiene/kch_pipiene_07_03_2013.cmp1 opened
File on castor:  not OK for xrootd: /castor/cern.ch/user/r/rmarchev/cmc007/magnet_corr/turbo/15652/kplus/kch_pipiene/kch_pipiene_07_03_2013.cmp1
Using file name: root://castorpublic.cern.ch//castor/cern.ch/user/r/rmarchev/cmc007/magnet_corr/turbo/15652/kplus/kch_pipiene/kch_pipiene_07_03_2013.cmp1
 Opened Kabes calibration files: 
 /afs/cern.ch/na48/offline2/compact/compact-7.3/compact/GeomFiles/kabes_cal_mc.dat
  Kabes calibration constant update FOR RUN: 15652
  Number of data set for:
 KABE KACS KAT1 KCAB KDET KAT0 KATS KARA KAYC KASY KAGE KAMA USER
                                   
    1    2    3    2 1316    4    1    2    3    1 1305 1316    3
  Data set for:KABE
  Validity range taken: 15000 99999
  Data set for:KACS
  Validity range taken: 15000 16905
  Data set for:KAT1
  Validity range taken: 15000 15999
  Data set for:KCAB
  Validity range taken: 15000 16905
  Data set for:KDET
  Validity range taken: 15652 15652
  Data set for:KAT0
  Validity range taken: 15000 15999
  Data set for:KATS
  Validity range taken: 15000 16999
  Data set for:KARA
  Validity range taken: 15000 16915
  Data set for:KAYC
  Validity range taken: 15000 15999
  Data set for:KASY
  Validity range taken: 15000 99999
  Data set for:KAGE
  Validity range taken: 15652 15652
  Data set for:KAMA
  Validity range taken: 15652 15652
  Data set for:USER
  Validity range taken: 15000 15999
burst number = 7  -  run 15652  -  period 0  -  burst time 0  -  BadB.Skip = 0  -  magnet current = 540.0  -  dataType = 2
*COmPACT* (Tue Dec  9 23:19:34 2014) - closeCompact: Closing input file
*COmPACT* (Tue Dec  9 23:19:34 2014) - filename /castor/cern.ch/user/r/rmarchev/cmc007/magnet_corr/turbo/15653/kplus/kch_pipiene/kch_pipiene_07_03_2013.cmp1 offset 0
*COmPACT* (Tue Dec  9 23:19:46 2014) - openCompact: Version 7.3 MC Compact file, named /castor/cern.ch/user/r/rmarchev/cmc007/magnet_corr/turbo/15653/kplus/kch_pipiene/kch_pipiene_07_03_2013.cmp1 opened
File on castor:  not OK for xrootd: /castor/cern.ch/user/r/rmarchev/cmc007/magnet_corr/turbo/15653/kplus/kch_pipiene/kch_pipiene_07_03_2013.cmp1
Using file name: root://castorpublic.cern.ch//castor/cern.ch/user/r/rmarchev/cmc007/magnet_corr/turbo/15653/kplus/kch_pipiene/kch_pipiene_07_03_2013.cmp1
 Opened Kabes calibration files: 
 /afs/cern.ch/na48/offline2/compact/compact-7.3/compact/GeomFiles/kabes_cal_mc.dat
  Kabes calibration constant update FOR RUN: 15653
  Number of data set for:
 KABE KACS KAT1 KCAB KDET KAT0 KATS KARA KAYC KASY KAGE KAMA USER
                                   
    1    2    3    2 1316    4    1    2    3    1 1305 1316    3
  Data set for:KABE
  Validity range taken: 15000 99999
  Data set for:KACS
  Validity range taken: 15000 16905
  Data set for:KAT1
  Validity range taken: 15000 15999
  Data set for:KCAB
  Validity range taken: 15000 16905
  Data set for:KDET
  Validity range taken: 15653 15653
  Data set for:KAT0
  Validity range taken: 15000 15999
  Data set for:KATS
  Validity range taken: 15000 16999
  Data set for:KARA
  Validity range taken: 15000 16915
  Data set for:KAYC
  Validity range taken: 15000 15999
  Data set for:KASY
  Validity range taken: 15000 99999
  Data set for:KAGE
  Validity range taken: 15653 15653
  Data set for:KAMA
  Validity range taken: 15653 15653
  Data set for:USER
  Validity range taken: 15000 15999
burst number = 8  -  run 15653  -  period 0  -  burst time 0  -  BadB.Skip = 0  -  magnet current = 540.0  -  dataType = 2
*COmPACT* (Tue Dec  9 23:20:14 2014) - closeCompact: Closing input file
*COmPACT* (Tue Dec  9 23:20:15 2014) - filename /castor/cern.ch/user/r/rmarchev/cmc007/magnet_corr/turbo/15654/kplus/kch_pipiene/kch_pipiene_07_03_2013.cmp1 offset 0
*COmPACT* (Tue Dec  9 23:20:23 2014) - openCompact: Version 7.3 MC Compact file, named /castor/cern.ch/user/r/rmarchev/cmc007/magnet_corr/turbo/15654/kplus/kch_pipiene/kch_pipiene_07_03_2013.cmp1 opened
File on castor:  not OK for xrootd: /castor/cern.ch/user/r/rmarchev/cmc007/magnet_corr/turbo/15654/kplus/kch_pipiene/kch_pipiene_07_03_2013.cmp1
Using file name: root://castorpublic.cern.ch//castor/cern.ch/user/r/rmarchev/cmc007/magnet_corr/turbo/15654/kplus/kch_pipiene/kch_pipiene_07_03_2013.cmp1
 Opened Kabes calibration files: 
 /afs/cern.ch/na48/offline2/compact/compact-7.3/compact/GeomFiles/kabes_cal_mc.dat
  Kabes calibration constant update FOR RUN: 15654
  Number of data set for:
 KABE KACS KAT1 KCAB KDET KAT0 KATS KARA KAYC KASY KAGE KAMA USER
                                   
    1    2    3    2 1316    4    1    2    3    1 1305 1316    3
  Data set for:KABE
  Validity range taken: 15000 99999
  Data set for:KACS
  Validity range taken: 15000 16905
  Data set for:KAT1
  Validity range taken: 15000 15999
  Data set for:KCAB
  Validity range taken: 15000 16905
  Data set for:KDET
  Validity range taken: 15654 15654
  Data set for:KAT0
  Validity range taken: 15000 15999
  Data set for:KATS
  Validity range taken: 15000 16999
  Data set for:KARA
  Validity range taken: 15000 16915
  Data set for:KAYC
  Validity range taken: 15000 15999
  Data set for:KASY
  Validity range taken: 15000 99999
  Data set for:KAGE
  Validity range taken: 15654 15654
  Data set for:KAMA
  Validity range taken: 15654 15654
  Data set for:USER
  Validity range taken: 15000 15999
burst number = 9  -  run 15654  -  period 0  -  burst time 0  -  BadB.Skip = 0  -  magnet current = 540.0  -  dataType = 2
*COmPACT* (Tue Dec  9 23:21:12 2014) - closeCompact: Closing input file
*COmPACT* (Tue Dec  9 23:21:12 2014) - filename /castor/cern.ch/user/r/rmarchev/cmc007/magnet_corr/turbo/15655/kplus/kch_pipiene/kch_pipiene_07_03_2013.cmp1 offset 0
*COmPACT* (Tue Dec  9 23:21:20 2014) - openCompact: Version 7.3 MC Compact file, named /castor/cern.ch/user/r/rmarchev/cmc007/magnet_corr/turbo/15655/kplus/kch_pipiene/kch_pipiene_07_03_2013.cmp1 opened
File on castor:  not OK for xrootd: /castor/cern.ch/user/r/rmarchev/cmc007/magnet_corr/turbo/15655/kplus/kch_pipiene/kch_pipiene_07_03_2013.cmp1
Using file name: root://castorpublic.cern.ch//castor/cern.ch/user/r/rmarchev/cmc007/magnet_corr/turbo/15655/kplus/kch_pipiene/kch_pipiene_07_03_2013.cmp1
 Opened Kabes calibration files: 
 /afs/cern.ch/na48/offline2/compact/compact-7.3/compact/GeomFiles/kabes_cal_mc.dat
  Kabes calibration constant update FOR RUN: 15655
  Number of data set for:
 KABE KACS KAT1 KCAB KDET KAT0 KATS KARA KAYC KASY KAGE KAMA USER
                                   
    1    2    3    2 1316    4    1    2    3    1 1305 1316    3
  Data set for:KABE
  Validity range taken: 15000 99999
  Data set for:KACS
  Validity range taken: 15000 16905
  Data set for:KAT1
  Validity range taken: 15000 15999
  Data set for:KCAB
  Validity range taken: 15000 16905
  Data set for:KDET
  Validity range taken: 15655 15655
  Data set for:KAT0
  Validity range taken: 15000 15999
  Data set for:KATS
  Validity range taken: 15000 16999
  Data set for:KARA
  Validity range taken: 15000 16915
  Data set for:KAYC
  Validity range taken: 15000 15999
  Data set for:KASY
  Validity range taken: 15000 99999
  Data set for:KAGE
  Validity range taken: 15655 15655
  Data set for:KAMA
  Validity range taken: 15655 15655
  Data set for:USER
  Validity range taken: 15000 15999
burst number = 10  -  run 15655  -  period 0  -  burst time 0  -  BadB.Skip = 0  -  magnet current = 540.0  -  dataType = 2
*COmPACT* (Tue Dec  9 23:21:49 2014) - closeCompact: Closing input file
*COmPACT* (Tue Dec  9 23:21:49 2014) - filename /castor/cern.ch/user/r/rmarchev/cmc007/magnet_corr/turbo/15656/kplus/kch_pipiene/kch_pipiene_07_03_2013.cmp1 offset 0
*COmPACT* (Tue Dec  9 23:22:01 2014) - openCompact: Version 7.3 MC Compact file, named /castor/cern.ch/user/r/rmarchev/cmc007/magnet_corr/turbo/15656/kplus/kch_pipiene/kch_pipiene_07_03_2013.cmp1 opened
File on castor:  not OK for xrootd: /castor/cern.ch/user/r/rmarchev/cmc007/magnet_corr/turbo/15656/kplus/kch_pipiene/kch_pipiene_07_03_2013.cmp1
Using file name: root://castorpublic.cern.ch//castor/cern.ch/user/r/rmarchev/cmc007/magnet_corr/turbo/15656/kplus/kch_pipiene/kch_pipiene_07_03_2013.cmp1
 Opened Kabes calibration files: 
 /afs/cern.ch/na48/offline2/compact/compact-7.3/compact/GeomFiles/kabes_cal_mc.dat
  Kabes calibration constant update FOR RUN: 15656
  Number of data set for:
 KABE KACS KAT1 KCAB KDET KAT0 KATS KARA KAYC KASY KAGE KAMA USER
                                   
    1    2    3    2 1316    4    1    2    3    1 1305 1316    3
  Data set for:KABE
  Validity range taken: 15000 99999
  Data set for:KACS
  Validity range taken: 15000 16905
  Data set for:KAT1
  Validity range taken: 15000 15999
  Data set for:KCAB
  Validity range taken: 15000 16905
  Data set for:KDET
  Validity range taken: 15656 15656
  Data set for:KAT0
  Validity range taken: 15000 15999
  Data set for:KATS
  Validity range taken: 15000 16999
  Data set for:KARA
  Validity range taken: 15000 16915
  Data set for:KAYC
  Validity range taken: 15000 15999
  Data set for:KASY
  Validity range taken: 15000 99999
  Data set for:KAGE
  Validity range taken: 15656 15656
  Data set for:KAMA
  Validity range taken: 15656 15656
  Data set for:USER
  Validity range taken: 15000 15999
burst number = 11  -  run 15656  -  period 0  -  burst time 0  -  BadB.Skip = 0  -  magnet current = 540.0  -  dataType = 2
*COmPACT* (Tue Dec  9 23:23:11 2014) - closeCompact: Closing input file
*COmPACT* (Tue Dec  9 23:23:11 2014) - filename /castor/cern.ch/user/r/rmarchev/cmc007/magnet_corr/turbo/15657/kplus/kch_pipiene/kch_pipiene_07_03_2013.cmp1 offset 0
*COmPACT* (Tue Dec  9 23:23:20 2014) - openCompact: Version 7.3 MC Compact file, named /castor/cern.ch/user/r/rmarchev/cmc007/magnet_corr/turbo/15657/kplus/kch_pipiene/kch_pipiene_07_03_2013.cmp1 opened
File on castor:  not OK for xrootd: /castor/cern.ch/user/r/rmarchev/cmc007/magnet_corr/turbo/15657/kplus/kch_pipiene/kch_pipiene_07_03_2013.cmp1
Using file name: root://castorpublic.cern.ch//castor/cern.ch/user/r/rmarchev/cmc007/magnet_corr/turbo/15657/kplus/kch_pipiene/kch_pipiene_07_03_2013.cmp1
 Opened Kabes calibration files: 
 /afs/cern.ch/na48/offline2/compact/compact-7.3/compact/GeomFiles/kabes_cal_mc.dat
  Kabes calibration constant update FOR RUN: 15657
  Number of data set for:
 KABE KACS KAT1 KCAB KDET KAT0 KATS KARA KAYC KASY KAGE KAMA USER
                                   
    1    2    3    2 1316    4    1    2    3    1 1305 1316    3
  Data set for:KABE
  Validity range taken: 15000 99999
  Data set for:KACS
  Validity range taken: 15000 16905
  Data set for:KAT1
  Validity range taken: 15000 15999
  Data set for:KCAB
  Validity range taken: 15000 16905
  Data set for:KDET
  Validity range taken: 15657 15657
  Data set for:KAT0
  Validity range taken: 15000 15999
  Data set for:KATS
  Validity range taken: 15000 16999
  Data set for:KARA
  Validity range taken: 15000 16915
  Data set for:KAYC
  Validity range taken: 15000 15999
  Data set for:KASY
  Validity range taken: 15000 99999
  Data set for:KAGE
  Validity range taken: 15657 15657
  Data set for:KAMA
  Validity range taken: 15657 15657
  Data set for:USER
  Validity range taken: 15000 15999
burst number = 12  -  run 15657  -  period 0  -  burst time 0  -  BadB.Skip = 0  -  magnet current = -540.0  -  dataType = 2
*COmPACT* (Tue Dec  9 23:24:48 2014) - closeCompact: Closing input file
*COmPACT* (Tue Dec  9 23:24:48 2014) - filename /castor/cern.ch/user/r/rmarchev/cmc007/magnet_corr/turbo/15658/kplus/kch_pipiene/kch_pipiene_07_03_2013.cmp1 offset 0
*COmPACT* (Tue Dec  9 23:24:54 2014) - openCompact: Version 7.3 MC Compact file, named /castor/cern.ch/user/r/rmarchev/cmc007/magnet_corr/turbo/15658/kplus/kch_pipiene/kch_pipiene_07_03_2013.cmp1 opened
File on castor:  not OK for xrootd: /castor/cern.ch/user/r/rmarchev/cmc007/magnet_corr/turbo/15658/kplus/kch_pipiene/kch_pipiene_07_03_2013.cmp1
Using file name: root://castorpublic.cern.ch//castor/cern.ch/user/r/rmarchev/cmc007/magnet_corr/turbo/15658/kplus/kch_pipiene/kch_pipiene_07_03_2013.cmp1
 Opened Kabes calibration files: 
 /afs/cern.ch/na48/offline2/compact/compact-7.3/compact/GeomFiles/kabes_cal_mc.dat
  Kabes calibration constant update FOR RUN: 15658
  Number of data set for:
 KABE KACS KAT1 KCAB KDET KAT0 KATS KARA KAYC KASY KAGE KAMA USER
                                   
    1    2    3    2 1316    4    1    2    3    1 1305 1316    3
  Data set for:KABE
  Validity range taken: 15000 99999
  Data set for:KACS
  Validity range taken: 15000 16905
  Data set for:KAT1
  Validity range taken: 15000 15999
  Data set for:KCAB
  Validity range taken: 15000 16905
  Data set for:KDET
  Validity range taken: 15658 15658
  Data set for:KAT0
  Validity range taken: 15000 15999
  Data set for:KATS
  Validity range taken: 15000 16999
  Data set for:KARA
  Validity range taken: 15000 16915
  Data set for:KAYC
  Validity range taken: 15000 15999
  Data set for:KASY
  Validity range taken: 15000 99999
  Data set for:KAGE
  Validity range taken: 15658 15658
  Data set for:KAMA
  Validity range taken: 15658 15658
  Data set for:USER
  Validity range taken: 15000 15999
burst number = 13  -  run 15658  -  period 0  -  burst time 0  -  BadB.Skip = 0  -  magnet current = -540.0  -  dataType = 2
*COmPACT* (Tue Dec  9 23:26:08 2014) - closeCompact: Closing input file
*COmPACT* (Tue Dec  9 23:26:09 2014) - filename /castor/cern.ch/user/r/rmarchev/cmc007/magnet_corr/turbo/15659/kplus/kch_pipiene/kch_pipiene_07_03_2013.cmp2 offset 0
*COmPACT* (Tue Dec  9 23:26:13 2014) - openCompact: Version 7.3 MC Compact file, named /castor/cern.ch/user/r/rmarchev/cmc007/magnet_corr/turbo/15659/kplus/kch_pipiene/kch_pipiene_07_03_2013.cmp2 opened
File on castor:  not OK for xrootd: /castor/cern.ch/user/r/rmarchev/cmc007/magnet_corr/turbo/15659/kplus/kch_pipiene/kch_pipiene_07_03_2013.cmp2
Using file name: root://castorpublic.cern.ch//castor/cern.ch/user/r/rmarchev/cmc007/magnet_corr/turbo/15659/kplus/kch_pipiene/kch_pipiene_07_03_2013.cmp2
 Opened Kabes calibration files: 
 /afs/cern.ch/na48/offline2/compact/compact-7.3/compact/GeomFiles/kabes_cal_mc.dat
  Kabes calibration constant update FOR RUN: 15659
  Number of data set for:
 KABE KACS KAT1 KCAB KDET KAT0 KATS KARA KAYC KASY KAGE KAMA USER
                                   
    1    2    3    2 1316    4    1    2    3    1 1305 1316    3
  Data set for:KABE
  Validity range taken: 15000 99999
  Data set for:KACS
  Validity range taken: 15000 16905
  Data set for:KAT1
  Validity range taken: 15000 15999
  Data set for:KCAB
  Validity range taken: 15000 16905
  Data set for:KDET
  Validity range taken: 15659 15659
  Data set for:KAT0
  Validity range taken: 15000 15999
  Data set for:KATS
  Validity range taken: 15000 16999
  Data set for:KARA
  Validity range taken: 15000 16915
  Data set for:KAYC
  Validity range taken: 15000 15999
  Data set for:KASY
  Validity range taken: 15000 99999
  Data set for:KAGE
  Validity range taken: 15659 15659
  Data set for:KAMA
  Validity range taken: 15659 15659
  Data set for:USER
  Validity range taken: 15000 15999
burst number = 14  -  run 15659  -  period 0  -  burst time 0  -  BadB.Skip = 0  -  magnet current = -540.0  -  dataType = 2
*COmPACT* (Tue Dec  9 23:26:14 2014) - closeCompact: Closing input file
*COmPACT* (Tue Dec  9 23:26:14 2014) - filename /castor/cern.ch/user/r/rmarchev/cmc007/magnet_corr/turbo/15659/kplus/kch_pipiene/kch_pipiene_07_03_2013.cmp1 offset 0
*COmPACT* (Tue Dec  9 23:26:20 2014) - openCompact: Version 7.3 MC Compact file, named /castor/cern.ch/user/r/rmarchev/cmc007/magnet_corr/turbo/15659/kplus/kch_pipiene/kch_pipiene_07_03_2013.cmp1 opened
File on castor:  not OK for xrootd: /castor/cern.ch/user/r/rmarchev/cmc007/magnet_corr/turbo/15659/kplus/kch_pipiene/kch_pipiene_07_03_2013.cmp1
Using file name: root://castorpublic.cern.ch//castor/cern.ch/user/r/rmarchev/cmc007/magnet_corr/turbo/15659/kplus/kch_pipiene/kch_pipiene_07_03_2013.cmp1
burst number = 15  -  run 15659  -  period 0  -  burst time 0  -  BadB.Skip = 0  -  magnet current = -540.0  -  dataType = 2
*COmPACT* (Tue Dec  9 23:28:13 2014) - closeCompact: Closing input file
*COmPACT* (Tue Dec  9 23:28:13 2014) - filename /castor/cern.ch/user/r/rmarchev/cmc007/magnet_corr/turbo/15660/kplus/kch_pipiene/kch_pipiene_07_03_2013.cmp1 offset 0
*COmPACT* (Tue Dec  9 23:28:23 2014) - openCompact: Version 7.3 MC Compact file, named /castor/cern.ch/user/r/rmarchev/cmc007/magnet_corr/turbo/15660/kplus/kch_pipiene/kch_pipiene_07_03_2013.cmp1 opened
File on castor:  not OK for xrootd: /castor/cern.ch/user/r/rmarchev/cmc007/magnet_corr/turbo/15660/kplus/kch_pipiene/kch_pipiene_07_03_2013.cmp1
Using file name: root://castorpublic.cern.ch//castor/cern.ch/user/r/rmarchev/cmc007/magnet_corr/turbo/15660/kplus/kch_pipiene/kch_pipiene_07_03_2013.cmp1
 Opened Kabes calibration files: 
 /afs/cern.ch/na48/offline2/compact/compact-7.3/compact/GeomFiles/kabes_cal_mc.dat
  Kabes calibration constant update FOR RUN: 15660
  Number of data set for:
 KABE KACS KAT1 KCAB KDET KAT0 KATS KARA KAYC KASY KAGE KAMA USER
                                   
    1    2    3    2 1316    4    1    2    3    1 1305 1316    3
  Data set for:KABE
  Validity range taken: 15000 99999
  Data set for:KACS
  Validity range taken: 15000 16905
  Data set for:KAT1
  Validity range taken: 15000 15999
  Data set for:KCAB
  Validity range taken: 15000 16905
  Data set for:KDET
  Validity range taken: 15660 15660
  Data set for:KAT0
  Validity range taken: 15000 15999
  Data set for:KATS
  Validity range taken: 15000 16999
  Data set for:KARA
  Validity range taken: 15000 16915
  Data set for:KAYC
  Validity range taken: 15000 15999
  Data set for:KASY
  Validity range taken: 15000 99999
  Data set for:KAGE
  Validity range taken: 15660 15660
  Data set for:KAMA
  Validity range taken: 15660 15660
  Data set for:USER
  Validity range taken: 15000 15999
burst number = 16  -  run 15660  -  period 0  -  burst time 0  -  BadB.Skip = 0  -  magnet current = -540.0  -  dataType = 2
*COmPACT* (Tue Dec  9 23:28:56 2014) - closeCompact: Closing input file
*COmPACT* (Tue Dec  9 23:28:56 2014) - filename /castor/cern.ch/user/r/rmarchev/cmc007/magnet_corr/turbo/15661/kplus/kch_pipiene/kch_pipiene_07_03_2013.cmp1 offset 0
*COmPACT* (Tue Dec  9 23:29:05 2014) - openCompact: Version 7.3 MC Compact file, named /castor/cern.ch/user/r/rmarchev/cmc007/magnet_corr/turbo/15661/kplus/kch_pipiene/kch_pipiene_07_03_2013.cmp1 opened
File on castor:  not OK for xrootd: /castor/cern.ch/user/r/rmarchev/cmc007/magnet_corr/turbo/15661/kplus/kch_pipiene/kch_pipiene_07_03_2013.cmp1
Using file name: root://castorpublic.cern.ch//castor/cern.ch/user/r/rmarchev/cmc007/magnet_corr/turbo/15661/kplus/kch_pipiene/kch_pipiene_07_03_2013.cmp1
 Opened Kabes calibration files: 
 /afs/cern.ch/na48/offline2/compact/compact-7.3/compact/GeomFiles/kabes_cal_mc.dat
  Kabes calibration constant update FOR RUN: 15661
  Number of data set for:
 KABE KACS KAT1 KCAB KDET KAT0 KATS KARA KAYC KASY KAGE KAMA USER
                                   
    1    2    3    2 1316    4    1    2    3    1 1305 1316    3
  Data set for:KABE
  Validity range taken: 15000 99999
  Data set for:KACS
  Validity range taken: 15000 16905
  Data set for:KAT1
  Validity range taken: 15000 15999
  Data set for:KCAB
  Validity range taken: 15000 16905
  Data set for:KDET
  Validity range taken: 15661 15661
  Data set for:KAT0
  Validity range taken: 15000 15999
  Data set for:KATS
  Validity range taken: 15000 16999
  Data set for:KARA
  Validity range taken: 15000 16915
  Data set for:KAYC
  Validity range taken: 15000 15999
  Data set for:KASY
  Validity range taken: 15000 99999
  Data set for:KAGE
  Validity range taken: 15661 15661
  Data set for:KAMA
  Validity range taken: 15661 15661
  Data set for:USER
  Validity range taken: 15000 15999
burst number = 17  -  run 15661  -  period 0  -  burst time 0  -  BadB.Skip = 0  -  magnet current = 540.0  -  dataType = 2
*COmPACT* (Tue Dec  9 23:29:25 2014) - closeCompact: Closing input file
*COmPACT* (Tue Dec  9 23:29:25 2014) - filename /castor/cern.ch/user/r/rmarchev/cmc007/magnet_corr/turbo/15663/kplus/kch_pipiene/kch_pipiene_07_03_2013.cmp1 offset 0
*COmPACT* (Tue Dec  9 23:29:29 2014) - openCompact: Version 7.3 MC Compact file, named /castor/cern.ch/user/r/rmarchev/cmc007/magnet_corr/turbo/15663/kplus/kch_pipiene/kch_pipiene_07_03_2013.cmp1 opened
File on castor:  not OK for xrootd: /castor/cern.ch/user/r/rmarchev/cmc007/magnet_corr/turbo/15663/kplus/kch_pipiene/kch_pipiene_07_03_2013.cmp1
Using file name: root://castorpublic.cern.ch//castor/cern.ch/user/r/rmarchev/cmc007/magnet_corr/turbo/15663/kplus/kch_pipiene/kch_pipiene_07_03_2013.cmp1
 Opened Kabes calibration files: 
 /afs/cern.ch/na48/offline2/compact/compact-7.3/compact/GeomFiles/kabes_cal_mc.dat
  Kabes calibration constant update FOR RUN: 15663
  Number of data set for:
 KABE KACS KAT1 KCAB KDET KAT0 KATS KARA KAYC KASY KAGE KAMA USER
                                   
    1    2    3    2 1316    4    1    2    3    1 1305 1316    3
  Data set for:KABE
  Validity range taken: 15000 99999
  Data set for:KACS
  Validity range taken: 15000 16905
  Data set for:KAT1
  Validity range taken: 15000 15999
  Data set for:KCAB
  Validity range taken: 15000 16905
  Data set for:KDET
  Validity range taken: 15663 15663
  Data set for:KAT0
  Validity range taken: 15000 15999
  Data set for:KATS
  Validity range taken: 15000 16999
  Data set for:KARA
  Validity range taken: 15000 16915
  Data set for:KAYC
  Validity range taken: 15000 15999
  Data set for:KASY
  Validity range taken: 15000 99999
  Data set for:KAGE
  Validity range taken: 15663 15663
  Data set for:KAMA
  Validity range taken: 15663 15663
  Data set for:USER
  Validity range taken: 15000 15999
burst number = 18  -  run 15663  -  period 0  -  burst time 0  -  BadB.Skip = 0  -  magnet current = 540.0  -  dataType = 2
*COmPACT* (Tue Dec  9 23:29:51 2014) - closeCompact: Closing input file
*COmPACT* (Tue Dec  9 23:29:51 2014) - filename /castor/cern.ch/user/r/rmarchev/cmc007/magnet_corr/turbo/15664/kplus/kch_pipiene/kch_pipiene_07_03_2013.cmp1 offset 0
*COmPACT* (Tue Dec  9 23:29:54 2014) - openCompact: Version 7.3 MC Compact file, named /castor/cern.ch/user/r/rmarchev/cmc007/magnet_corr/turbo/15664/kplus/kch_pipiene/kch_pipiene_07_03_2013.cmp1 opened
File on castor:  not OK for xrootd: /castor/cern.ch/user/r/rmarchev/cmc007/magnet_corr/turbo/15664/kplus/kch_pipiene/kch_pipiene_07_03_2013.cmp1
Using file name: root://castorpublic.cern.ch//castor/cern.ch/user/r/rmarchev/cmc007/magnet_corr/turbo/15664/kplus/kch_pipiene/kch_pipiene_07_03_2013.cmp1
 Opened Kabes calibration files: 
 /afs/cern.ch/na48/offline2/compact/compact-7.3/compact/GeomFiles/kabes_cal_mc.dat
  Kabes calibration constant update FOR RUN: 15664
  Number of data set for:
 KABE KACS KAT1 KCAB KDET KAT0 KATS KARA KAYC KASY KAGE KAMA USER
                                   
    1    2    3    2 1316    4    1    2    3    1 1305 1316    3
  Data set for:KABE
  Validity range taken: 15000 99999
  Data set for:KACS
  Validity range taken: 15000 16905
  Data set for:KAT1
  Validity range taken: 15000 15999
  Data set for:KCAB
  Validity range taken: 15000 16905
  Data set for:KDET
  Validity range taken: 15664 15664
  Data set for:KAT0
  Validity range taken: 15000 15999
  Data set for:KATS
  Validity range taken: 15000 16999
  Data set for:KARA
  Validity range taken: 15000 16915
  Data set for:KAYC
  Validity range taken: 15000 15999
  Data set for:KASY
  Validity range taken: 15000 99999
  Data set for:KAGE
  Validity range taken: 15664 15664
  Data set for:KAMA
  Validity range taken: 15664 15664
  Data set for:USER
  Validity range taken: 15000 15999
burst number = 19  -  run 15664  -  period 0  -  burst time 0  -  BadB.Skip = 0  -  magnet current = 540.0  -  dataType = 2
*COmPACT* (Tue Dec  9 23:30:53 2014) - closeCompact: Closing input file
*COmPACT* (Tue Dec  9 23:30:53 2014) - filename /castor/cern.ch/user/r/rmarchev/cmc007/magnet_corr/turbo/15665/kplus/kch_pipiene/kch_pipiene_07_03_2013.cmp1 offset 0
*COmPACT* (Tue Dec  9 23:30:59 2014) - openCompact: Version 7.3 MC Compact file, named /castor/cern.ch/user/r/rmarchev/cmc007/magnet_corr/turbo/15665/kplus/kch_pipiene/kch_pipiene_07_03_2013.cmp1 opened
File on castor:  not OK for xrootd: /castor/cern.ch/user/r/rmarchev/cmc007/magnet_corr/turbo/15665/kplus/kch_pipiene/kch_pipiene_07_03_2013.cmp1
Using file name: root://castorpublic.cern.ch//castor/cern.ch/user/r/rmarchev/cmc007/magnet_corr/turbo/15665/kplus/kch_pipiene/kch_pipiene_07_03_2013.cmp1
 Opened Kabes calibration files: 
 /afs/cern.ch/na48/offline2/compact/compact-7.3/compact/GeomFiles/kabes_cal_mc.dat
  Kabes calibration constant update FOR RUN: 15665
  Number of data set for:
 KABE KACS KAT1 KCAB KDET KAT0 KATS KARA KAYC KASY KAGE KAMA USER
                                   
    1    2    3    2 1316    4    1    2    3    1 1305 1316    3
  Data set for:KABE
  Validity range taken: 15000 99999
  Data set for:KACS
  Validity range taken: 15000 16905
  Data set for:KAT1
  Validity range taken: 15000 15999
  Data set for:KCAB
  Validity range taken: 15000 16905
  Data set for:KDET
  Validity range taken: 15665 15665
  Data set for:KAT0
  Validity range taken: 15000 15999
  Data set for:KATS
  Validity range taken: 15000 16999
  Data set for:KARA
  Validity range taken: 15000 16915
  Data set for:KAYC
  Validity range taken: 15000 15999
  Data set for:KASY
  Validity range taken: 15000 99999
  Data set for:KAGE
  Validity range taken: 15665 15665
  Data set for:KAMA
  Validity range taken: 15665 15665
  Data set for:USER
  Validity range taken: 15000 15999
burst number = 20  -  run 15665  -  period 0  -  burst time 0  -  BadB.Skip = 0  -  magnet current = 540.0  -  dataType = 2
*COmPACT* (Tue Dec  9 23:31:02 2014) - closeCompact: Closing input file
*COmPACT* (Tue Dec  9 23:31:02 2014) - filename /castor/cern.ch/user/r/rmarchev/cmc007/magnet_corr/turbo/15666/kplus/kch_pipiene/kch_pipiene_07_03_2013.cmp1 offset 0
*COmPACT* (Tue Dec  9 23:31:08 2014) - openCompact: Version 7.3 MC Compact file, named /castor/cern.ch/user/r/rmarchev/cmc007/magnet_corr/turbo/15666/kplus/kch_pipiene/kch_pipiene_07_03_2013.cmp1 opened
File on castor:  not OK for xrootd: /castor/cern.ch/user/r/rmarchev/cmc007/magnet_corr/turbo/15666/kplus/kch_pipiene/kch_pipiene_07_03_2013.cmp1
Using file name: root://castorpublic.cern.ch//castor/cern.ch/user/r/rmarchev/cmc007/magnet_corr/turbo/15666/kplus/kch_pipiene/kch_pipiene_07_03_2013.cmp1
 Opened Kabes calibration files: 
 /afs/cern.ch/na48/offline2/compact/compact-7.3/compact/GeomFiles/kabes_cal_mc.dat
  Kabes calibration constant update FOR RUN: 15666
  Number of data set for:
 KABE KACS KAT1 KCAB KDET KAT0 KATS KARA KAYC KASY KAGE KAMA USER
                                   
    1    2    3    2 1316    4    1    2    3    1 1305 1316    3
  Data set for:KABE
  Validity range taken: 15000 99999
  Data set for:KACS
  Validity range taken: 15000 16905
  Data set for:KAT1
  Validity range taken: 15000 15999
  Data set for:KCAB
  Validity range taken: 15000 16905
  Data set for:KDET
  Validity range taken: 15666 15666
  Data set for:KAT0
  Validity range taken: 15000 15999
  Data set for:KATS
  Validity range taken: 15000 16999
  Data set for:KARA
  Validity range taken: 15000 16915
  Data set for:KAYC
  Validity range taken: 15000 15999
  Data set for:KASY
  Validity range taken: 15000 99999
  Data set for:KAGE
  Validity range taken: 15666 15666
  Data set for:KAMA
  Validity range taken: 15666 15666
  Data set for:USER
  Validity range taken: 15000 15999
burst number = 21  -  run 15666  -  period 0  -  burst time 0  -  BadB.Skip = 0  -  magnet current = 540.0  -  dataType = 2
*COmPACT* (Tue Dec  9 23:32:54 2014) - closeCompact: Closing input file
*COmPACT* (Tue Dec  9 23:32:54 2014) - filename /castor/cern.ch/user/r/rmarchev/cmc007/magnet_corr/turbo/15667/kplus/kch_pipiene/kch_pipiene_07_03_2013.cmp1 offset 0
*COmPACT* (Tue Dec  9 23:33:04 2014) - openCompact: Version 7.3 MC Compact file, named /castor/cern.ch/user/r/rmarchev/cmc007/magnet_corr/turbo/15667/kplus/kch_pipiene/kch_pipiene_07_03_2013.cmp1 opened
File on castor:  not OK for xrootd: /castor/cern.ch/user/r/rmarchev/cmc007/magnet_corr/turbo/15667/kplus/kch_pipiene/kch_pipiene_07_03_2013.cmp1
Using file name: root://castorpublic.cern.ch//castor/cern.ch/user/r/rmarchev/cmc007/magnet_corr/turbo/15667/kplus/kch_pipiene/kch_pipiene_07_03_2013.cmp1
 Opened Kabes calibration files: 
 /afs/cern.ch/na48/offline2/compact/compact-7.3/compact/GeomFiles/kabes_cal_mc.dat
  Kabes calibration constant update FOR RUN: 15667
  Number of data set for:
 KABE KACS KAT1 KCAB KDET KAT0 KATS KARA KAYC KASY KAGE KAMA USER
                                   
    1    2    3    2 1316    4    1    2    3    1 1305 1316    3
  Data set for:KABE
  Validity range taken: 15000 99999
  Data set for:KACS
  Validity range taken: 15000 16905
  Data set for:KAT1
  Validity range taken: 15000 15999
  Data set for:KCAB
  Validity range taken: 15000 16905
  Data set for:KDET
  Validity range taken: 15667 15667
  Data set for:KAT0
  Validity range taken: 15000 15999
  Data set for:KATS
  Validity range taken: 15000 16999
  Data set for:KARA
  Validity range taken: 15000 16915
  Data set for:KAYC
  Validity range taken: 15000 15999
  Data set for:KASY
  Validity range taken: 15000 99999
  Data set for:KAGE
  Validity range taken: 15667 15667
  Data set for:KAMA
  Validity range taken: 15667 15667
  Data set for:USER
  Validity range taken: 15000 15999
burst number = 22  -  run 15667  -  period 0  -  burst time 0  -  BadB.Skip = 0  -  magnet current = 540.0  -  dataType = 2
*COmPACT* (Tue Dec  9 23:34:06 2014) - closeCompact: Closing input file
*COmPACT* (Tue Dec  9 23:34:06 2014) - filename /castor/cern.ch/user/r/rmarchev/cmc007/magnet_corr/turbo/15668/kplus/kch_pipiene/kch_pipiene_07_03_2013.cmp1 offset 0
*COmPACT* (Tue Dec  9 23:34:14 2014) - openCompact: Version 7.3 MC Compact file, named /castor/cern.ch/user/r/rmarchev/cmc007/magnet_corr/turbo/15668/kplus/kch_pipiene/kch_pipiene_07_03_2013.cmp1 opened
File on castor:  not OK for xrootd: /castor/cern.ch/user/r/rmarchev/cmc007/magnet_corr/turbo/15668/kplus/kch_pipiene/kch_pipiene_07_03_2013.cmp1
Using file name: root://castorpublic.cern.ch//castor/cern.ch/user/r/rmarchev/cmc007/magnet_corr/turbo/15668/kplus/kch_pipiene/kch_pipiene_07_03_2013.cmp1
 Opened Kabes calibration files: 
 /afs/cern.ch/na48/offline2/compact/compact-7.3/compact/GeomFiles/kabes_cal_mc.dat
  Kabes calibration constant update FOR RUN: 15668
  Number of data set for:
 KABE KACS KAT1 KCAB KDET KAT0 KATS KARA KAYC KASY KAGE KAMA USER
                                   
    1    2    3    2 1316    4    1    2    3    1 1305 1316    3
  Data set for:KABE
  Validity range taken: 15000 99999
  Data set for:KACS
  Validity range taken: 15000 16905
  Data set for:KAT1
  Validity range taken: 15000 15999
  Data set for:KCAB
  Validity range taken: 15000 16905
  Data set for:KDET
  Validity range taken: 15668 15668
  Data set for:KAT0
  Validity range taken: 15000 15999
  Data set for:KATS
  Validity range taken: 15000 16999
  Data set for:KARA
  Validity range taken: 15000 16915
  Data set for:KAYC
  Validity range taken: 15000 15999
  Data set for:KASY
  Validity range taken: 15000 99999
  Data set for:KAGE
  Validity range taken: 15668 15668
  Data set for:KAMA
  Validity range taken: 15668 15668
  Data set for:USER
  Validity range taken: 15000 15999
burst number = 23  -  run 15668  -  period 0  -  burst time 0  -  BadB.Skip = 0  -  magnet current = -540.0  -  dataType = 2
*COmPACT* (Tue Dec  9 23:34:21 2014) - closeCompact: Closing input file
*COmPACT* (Tue Dec  9 23:34:21 2014) - filename /castor/cern.ch/user/r/rmarchev/cmc007/magnet_corr/turbo/15669/kplus/kch_pipiene/kch_pipiene_07_03_2013.cmp1 offset 0
*COmPACT* (Tue Dec  9 23:34:32 2014) - openCompact: Version 7.3 MC Compact file, named /castor/cern.ch/user/r/rmarchev/cmc007/magnet_corr/turbo/15669/kplus/kch_pipiene/kch_pipiene_07_03_2013.cmp1 opened
File on castor:  not OK for xrootd: /castor/cern.ch/user/r/rmarchev/cmc007/magnet_corr/turbo/15669/kplus/kch_pipiene/kch_pipiene_07_03_2013.cmp1
Using file name: root://castorpublic.cern.ch//castor/cern.ch/user/r/rmarchev/cmc007/magnet_corr/turbo/15669/kplus/kch_pipiene/kch_pipiene_07_03_2013.cmp1
 Opened Kabes calibration files: 
 /afs/cern.ch/na48/offline2/compact/compact-7.3/compact/GeomFiles/kabes_cal_mc.dat
  Kabes calibration constant update FOR RUN: 15669
  Number of data set for:
 KABE KACS KAT1 KCAB KDET KAT0 KATS KARA KAYC KASY KAGE KAMA USER
                                   
    1    2    3    2 1316    4    1    2    3    1 1305 1316    3
  Data set for:KABE
  Validity range taken: 15000 99999
  Data set for:KACS
  Validity range taken: 15000 16905
  Data set for:KAT1
  Validity range taken: 15000 15999
  Data set for:KCAB
  Validity range taken: 15000 16905
  Data set for:KDET
  Validity range taken: 15669 15669
  Data set for:KAT0
  Validity range taken: 15000 15999
  Data set for:KATS
  Validity range taken: 15000 16999
  Data set for:KARA
  Validity range taken: 15000 16915
  Data set for:KAYC
  Validity range taken: 15000 15999
  Data set for:KASY
  Validity range taken: 15000 99999
  Data set for:KAGE
  Validity range taken: 15669 15669
  Data set for:KAMA
  Validity range taken: 15669 15669
  Data set for:USER
  Validity range taken: 15000 15999
burst number = 24  -  run 15669  -  period 0  -  burst time 0  -  BadB.Skip = 0  -  magnet current = -540.0  -  dataType = 2
*COmPACT* (Tue Dec  9 23:34:42 2014) - closeCompact: Closing input file
*COmPACT* (Tue Dec  9 23:34:42 2014) - filename /castor/cern.ch/user/r/rmarchev/cmc007/magnet_corr/turbo/15670/kplus/kch_pipiene/kch_pipiene_07_03_2013.cmp1 offset 0
*COmPACT* (Tue Dec  9 23:34:51 2014) - openCompact: Version 7.3 MC Compact file, named /castor/cern.ch/user/r/rmarchev/cmc007/magnet_corr/turbo/15670/kplus/kch_pipiene/kch_pipiene_07_03_2013.cmp1 opened
File on castor:  not OK for xrootd: /castor/cern.ch/user/r/rmarchev/cmc007/magnet_corr/turbo/15670/kplus/kch_pipiene/kch_pipiene_07_03_2013.cmp1
Using file name: root://castorpublic.cern.ch//castor/cern.ch/user/r/rmarchev/cmc007/magnet_corr/turbo/15670/kplus/kch_pipiene/kch_pipiene_07_03_2013.cmp1
 Opened Kabes calibration files: 
 /afs/cern.ch/na48/offline2/compact/compact-7.3/compact/GeomFiles/kabes_cal_mc.dat
  Kabes calibration constant update FOR RUN: 15670
  Number of data set for:
 KABE KACS KAT1 KCAB KDET KAT0 KATS KARA KAYC KASY KAGE KAMA USER
                                   
    1    2    3    2 1316    4    1    2    3    1 1305 1316    3
  Data set for:KABE
  Validity range taken: 15000 99999
  Data set for:KACS
  Validity range taken: 15000 16905
  Data set for:KAT1
  Validity range taken: 15000 15999
  Data set for:KCAB
  Validity range taken: 15000 16905
  Data set for:KDET
  Validity range taken: 15670 15670
  Data set for:KAT0
  Validity range taken: 15000 15999
  Data set for:KATS
  Validity range taken: 15000 16999
  Data set for:KARA
  Validity range taken: 15000 16915
  Data set for:KAYC
  Validity range taken: 15000 15999
  Data set for:KASY
  Validity range taken: 15000 99999
  Data set for:KAGE
  Validity range taken: 15670 15670
  Data set for:KAMA
  Validity range taken: 15670 15670
  Data set for:USER
  Validity range taken: 15000 15999
burst number = 25  -  run 15670  -  period 0  -  burst time 0  -  BadB.Skip = 0  -  magnet current = -540.0  -  dataType = 2
*COmPACT* (Tue Dec  9 23:35:06 2014) - closeCompact: Closing input file
*COmPACT* (Tue Dec  9 23:35:12 2014) - ************ COmPACT finished ************
*COmPACT* (Tue Dec  9 23:35:12 2014) - Total number of  bursts read :       25
*COmPACT* (Tue Dec  9 23:35:12 2014) - Total number of  events read :   891654
*COmPACT* (Tue Dec  9 23:35:12 2014) -   Number of CMP  events read :        0
*COmPACT* (Tue Dec  9 23:35:12 2014) -   Number of KE3  events read :        0
*COmPACT* (Tue Dec  9 23:35:12 2014) -   Number of KMU3 events read :        0
*COmPACT* (Tue Dec  9 23:35:12 2014) -   Number of MC   events read :   891654
*COmPACT* (Tue Dec  9 23:35:12 2014) -   Number of SCMP events read :        0
*COmPACT* (Tue Dec  9 23:35:12 2014) -   Number of SMC  events read :        0
*COmPACT* (Tue Dec  9 23:35:12 2014) -   Number of HCMP events read :        0
*COmPACT* (Tue Dec  9 23:35:12 2014) - ******************************************
