Sender: LSF System <lsfadmin@b69f176cae.cern.ch>
Subject: Job 600389154: <scompact.job /afs/cern.ch/user/r/rmarchev/compact/reader/kplus_pipie9 kplus_pipie9> in cluster batch Done

Job <scompact.job /afs/cern.ch/user/r/rmarchev/compact/reader/kplus_pipie9 kplus_pipie9> was submitted from host <lxplus0051.cern.ch> by user <rmarchev> in cluster <batch>.
Job was executed on host(s) <b69f176cae.cern.ch>, in queue <2nd>, as user <rmarchev> in cluster <batch>.
</afs/cern.ch/user/r/rmarchev> was used as the home directory.
</afs/cern.ch/user/r/rmarchev/compact/reader/kplus_pipie9> was used as the working directory.
Started at Tue Dec  9 23:16:34 2014
Results reported at Tue Dec  9 23:37:50 2014

Your job looked like:

------------------------------------------------------------
# LSBATCH: User input
scompact.job /afs/cern.ch/user/r/rmarchev/compact/reader/kplus_pipie9 kplus_pipie9
------------------------------------------------------------

Successfully completed.

Resource usage summary:

    CPU time   :    992.39 sec.
    Max Memory :       415 MB
    Max Swap   :      1020 MB

    Max Processes  :         6
    Max Threads    :        22

The output (if any) follows:

@(#)CERN job starter $Date: 2010/06/23 14:22:16 $
Working directory is </pool/lsf/rmarchev/600389154> on <>


Job finished at Tue Dec  9 23:37:48 CET 2014 on node 
 under linux version Scientific Linux CERN SLC release 6.6 (Carbon)

CERN statistics: This process used approximately : 0:28:51 KSI2K hours (1731 KSI2K seconds)
                 This process corresponds to     : 1:52:32 HS06  hours (6752 HS06  seconds)
