*COmPACT* (Tue Dec  9 23:13:51 2014) - readflist: 25 filenames found and read
*COmPACT* (Tue Dec  9 23:13:51 2014) - ****************************************
*COmPACT* (Tue Dec  9 23:13:51 2014) - *                                      *
*COmPACT* (Tue Dec  9 23:13:51 2014) - * Setting up compact for use with ROOT *
*COmPACT* (Tue Dec  9 23:13:51 2014) - *                                      *
*COmPACT* (Tue Dec  9 23:13:51 2014) - ****************************************
*COmPACT* (Tue Dec  9 23:13:51 2014) - filename /castor/cern.ch/user/r/rmarchev/cmc007/magnet_corr/turbo/15393/kplus/kch_pipiene/kch_pipiene_07_03_2013.cmp1 offset 0
*COmPACT* (Tue Dec  9 23:13:53 2014) - openCompact: Version 7.3 MC Compact file, named /castor/cern.ch/user/r/rmarchev/cmc007/magnet_corr/turbo/15393/kplus/kch_pipiene/kch_pipiene_07_03_2013.cmp1 opened
*COmPACT* (Tue Dec  9 23:13:54 2014) - ***************************************************
*COmPACT* (Tue Dec  9 23:13:54 2014) - *                                                  
*COmPACT* (Tue Dec  9 23:13:54 2014) - *                 SQL database opened              
*COmPACT* (Tue Dec  9 23:13:54 2014) - *     version 3 (upd. Mon Jun 10 18:05:59 2013)
*COmPACT* (Tue Dec  9 23:13:54 2014) - * Available database tables are:                   
*COmPACT* (Tue Dec  9 23:13:54 2014) - * -----------------------------> bb_akl 
*COmPACT* (Tue Dec  9 23:13:54 2014) - * -----------------------------> bb_clk 
*COmPACT* (Tue Dec  9 23:13:54 2014) - * -----------------------------> bb_dch 
*COmPACT* (Tue Dec  9 23:13:54 2014) - * -----------------------------> bb_hac 
*COmPACT* (Tue Dec  9 23:13:54 2014) - * -----------------------------> bb_hodc 
*COmPACT* (Tue Dec  9 23:13:54 2014) - * -----------------------------> bb_hodn 
*COmPACT* (Tue Dec  9 23:13:54 2014) - * -----------------------------> bb_kab 
*COmPACT* (Tue Dec  9 23:13:54 2014) - * -----------------------------> bb_lkr 
*COmPACT* (Tue Dec  9 23:13:54 2014) - * -----------------------------> bb_mbx 
*COmPACT* (Tue Dec  9 23:13:54 2014) - * -----------------------------> bb_muv 
*COmPACT* (Tue Dec  9 23:13:54 2014) - * -----------------------------> bb_nut 
*COmPACT* (Tue Dec  9 23:13:54 2014) - * -----------------------------> bb_phys 
*COmPACT* (Tue Dec  9 23:13:54 2014) - * -----------------------------> bb_pmb 
*COmPACT* (Tue Dec  9 23:13:54 2014) - * -----------------------------> br_akl 
*COmPACT* (Tue Dec  9 23:13:54 2014) - * -----------------------------> br_clk 
*COmPACT* (Tue Dec  9 23:13:54 2014) - * -----------------------------> br_dch 
*COmPACT* (Tue Dec  9 23:13:54 2014) - * -----------------------------> br_hac 
*COmPACT* (Tue Dec  9 23:13:54 2014) - * -----------------------------> br_hodc 
*COmPACT* (Tue Dec  9 23:13:54 2014) - * -----------------------------> br_hodn 
*COmPACT* (Tue Dec  9 23:13:54 2014) - * -----------------------------> br_kab 
*COmPACT* (Tue Dec  9 23:13:54 2014) - * -----------------------------> br_lkr 
*COmPACT* (Tue Dec  9 23:13:54 2014) - * -----------------------------> br_mbx 
*COmPACT* (Tue Dec  9 23:13:54 2014) - * -----------------------------> br_muv 
*COmPACT* (Tue Dec  9 23:13:54 2014) - * -----------------------------> br_nut 
*COmPACT* (Tue Dec  9 23:13:54 2014) - * -----------------------------> br_phys 
*COmPACT* (Tue Dec  9 23:13:54 2014) - * -----------------------------> br_pmb 
*COmPACT* (Tue Dec  9 23:13:54 2014) - * -----------------------------> cog 
*COmPACT* (Tue Dec  9 23:13:54 2014) - * -----------------------------> db_ver 
*COmPACT* (Tue Dec  9 23:13:54 2014) - * -----------------------------> eb_corr 
*COmPACT* (Tue Dec  9 23:13:54 2014) - * -----------------------------> kab_mom_corr 
*COmPACT* (Tue Dec  9 23:13:54 2014) - * -----------------------------> kab_mom_corr_mc 
*COmPACT* (Tue Dec  9 23:13:54 2014) - * -----------------------------> mass 
*COmPACT* (Tue Dec  9 23:13:54 2014) - * -----------------------------> mccog 
*COmPACT* (Tue Dec  9 23:13:54 2014) - * -----------------------------> mcmass 
*COmPACT* (Tue Dec  9 23:13:54 2014) - * -----------------------------> mcpkaon 
*COmPACT* (Tue Dec  9 23:13:54 2014) - * -----------------------------> pkaon 
*COmPACT* (Tue Dec  9 23:13:54 2014) - * -----------------------------> run_att 
*COmPACT* (Tue Dec  9 23:13:54 2014) - * -----------------------------> sample 
*COmPACT* (Tue Dec  9 23:13:54 2014) - * -----------------------------> toff_akl 
*COmPACT* (Tue Dec  9 23:13:54 2014) - * -----------------------------> toff_aks 
*COmPACT* (Tue Dec  9 23:13:54 2014) - * -----------------------------> toff_dch 
*COmPACT* (Tue Dec  9 23:13:54 2014) - * -----------------------------> toff_hac 
*COmPACT* (Tue Dec  9 23:13:54 2014) - * -----------------------------> toff_kab_extra 
*COmPACT* (Tue Dec  9 23:13:54 2014) - * -----------------------------> toff_lkr 
*COmPACT* (Tue Dec  9 23:13:54 2014) - * -----------------------------> toff_lkr_akl 
*COmPACT* (Tue Dec  9 23:13:54 2014) - * -----------------------------> toff_lkr_hac 
*COmPACT* (Tue Dec  9 23:13:54 2014) - * -----------------------------> toff_lkr_nhod 
*COmPACT* (Tue Dec  9 23:13:54 2014) - * -----------------------------> toff_lkr_tag 
*COmPACT* (Tue Dec  9 23:13:54 2014) - * -----------------------------> toff_muv 
*COmPACT* (Tue Dec  9 23:13:54 2014) - * -----------------------------> toff_nhod 
*COmPACT* (Tue Dec  9 23:13:54 2014) - * -----------------------------> toff_tag 
*COmPACT* (Tue Dec  9 23:13:54 2014) - *                                                  
*COmPACT* (Tue Dec  9 23:13:54 2014) - ************************************************** 
*COmPACT* (Tue Dec  9 23:13:54 2014) - /afs/cern.ch/na48/offline2/compact/compact-7.3/compact/database/database.db
*COmPACT* (Tue Dec  9 23:13:54 2014) - ************************************************** 
*COmPACT* (Tue Dec  9 23:13:54 2014) - *  Initializing DB scale factors                   
*COmPACT* (Tue Dec  9 23:13:54 2014) - ------------Using the following scale factors------------
*COmPACT* (Tue Dec  9 23:13:54 2014) - mass:  1000000.0 1000000.0 1000000.0 1000000.0
*COmPACT* (Tue Dec  9 23:13:54 2014) - cog:  10000.0 10000.0 10000.0 10000.0 10000.0 10000.0 10000.0 10000.0
*COmPACT* (Tue Dec  9 23:13:54 2014) -  File for lkr HIKS 2000 opened successfully: /afs/cern.ch/na48/offline2/compact/compact-7.3/compact/GeomFiles//lkrcalhi2k.dat
Warning in <TH1F::Sumw2>: Sum of squares of weights structure already created
Warning in <TH1F::Sumw2>: Sum of squares of weights structure already created
Warning in <TH1F::Sumw2>: Sum of squares of weights structure already created
Warning in <TH1F::Sumw2>: Sum of squares of weights structure already created
Warning in <TH1F::Sumw2>: Sum of squares of weights structure already created
Warning in <TH1F::Sumw2>: Sum of squares of weights structure already created
Warning in <TH1F::Sumw2>: Sum of squares of weights structure already created
Warning in <TH1F::Sumw2>: Sum of squares of weights structure already created
File on castor:  not OK for xrootd: /castor/cern.ch/user/r/rmarchev/cmc007/magnet_corr/turbo/15393/kplus/kch_pipiene/kch_pipiene_07_03_2013.cmp1
Using file name: root://castorpublic.cern.ch//castor/cern.ch/user/r/rmarchev/cmc007/magnet_corr/turbo/15393/kplus/kch_pipiene/kch_pipiene_07_03_2013.cmp1
File written with SQL db version 0 (upd. 33817626)
 File for blue tube mag. field opened sucessfully
  COEFMS FOR CH 2 TO CH4   1.00635886  1.10587746E-06  0.000985967577
  COEFMS FROM KEVLAR WINDOW TO CH1  0.00330900401  3.38685766E-07
  3.31794108E-05
### saving histograms to file run2007.root
File /afs/cern.ch/na48/offline2/compact/compact-7.3/compact/GeomFiles/rdgeom2003.data for the NA48 geometry open successfully 
 Opened Kabes calibration files: 
 /afs/cern.ch/na48/offline2/compact/compact-7.3/compact/GeomFiles/kabes_cal_mc.dat
  Kabes calibration constant update FOR RUN: 15393
  Number of data set for:
 KABE KACS KAT1 KCAB KDET KAT0 KATS KARA KAYC KASY KAGE KAMA USER
                                   
    1    2    3    2 1316    4    1    2    3    1 1305 1316    3
  Data set for:KABE
  Validity range taken: 15000 99999
  Data set for:KACS
  Validity range taken: 15000 16905
  Data set for:KAT1
  Validity range taken: 15000 15999
  Data set for:KCAB
  Validity range taken: 15000 16905
  Data set for:KDET
  Validity range taken: 15393 15393
  Data set for:KAT0
  Validity range taken: 15000 15999
  Data set for:KATS
  Validity range taken: 15000 16999
  Data set for:KARA
  Validity range taken: 15000 16915
  Data set for:KAYC
  Validity range taken: 15000 15999
  Data set for:KASY
  Validity range taken: 15000 99999
  Data set for:KAGE
  Validity range taken: 15393 15393
  Data set for:KAMA
  Validity range taken: 15393 15393
  Data set for:USER
  Validity range taken: 15000 15999
burst number = 1  -  run 15393  -  period 0  -  burst time 0  -  BadB.Skip = 0  -  magnet current = 540.0  -  dataType = 2
 File for Lkr DC correction opened sucessfully
 File for Lkr Sharing_mc_corr correction opened sucessfully
  read 1-1-11   1.00020504
**COmPACT Warning** (Tue Dec  9 23:13:55 2014) - More than 10 muons found
*COmPACT* (Tue Dec  9 23:13:56 2014) - closeCompact: Closing input file
*COmPACT* (Tue Dec  9 23:13:57 2014) - filename /castor/cern.ch/user/r/rmarchev/cmc007/magnet_corr/turbo/15394/kplus/kch_pipiene/kch_pipiene_07_03_2013.cmp1 offset 0
*COmPACT* (Tue Dec  9 23:14:04 2014) - openCompact: Version 7.3 MC Compact file, named /castor/cern.ch/user/r/rmarchev/cmc007/magnet_corr/turbo/15394/kplus/kch_pipiene/kch_pipiene_07_03_2013.cmp1 opened
File on castor:  not OK for xrootd: /castor/cern.ch/user/r/rmarchev/cmc007/magnet_corr/turbo/15394/kplus/kch_pipiene/kch_pipiene_07_03_2013.cmp1
Using file name: root://castorpublic.cern.ch//castor/cern.ch/user/r/rmarchev/cmc007/magnet_corr/turbo/15394/kplus/kch_pipiene/kch_pipiene_07_03_2013.cmp1
 Opened Kabes calibration files: 
 /afs/cern.ch/na48/offline2/compact/compact-7.3/compact/GeomFiles/kabes_cal_mc.dat
  Kabes calibration constant update FOR RUN: 15394
  Number of data set for:
 KABE KACS KAT1 KCAB KDET KAT0 KATS KARA KAYC KASY KAGE KAMA USER
                                   
    1    2    3    2 1316    4    1    2    3    1 1305 1316    3
  Data set for:KABE
  Validity range taken: 15000 99999
  Data set for:KACS
  Validity range taken: 15000 16905
  Data set for:KAT1
  Validity range taken: 15000 15999
  Data set for:KCAB
  Validity range taken: 15000 16905
  Data set for:KDET
  Validity range taken: 15394 15394
  Data set for:KAT0
  Validity range taken: 15000 15999
  Data set for:KATS
  Validity range taken: 15000 16999
  Data set for:KARA
  Validity range taken: 15000 16915
  Data set for:KAYC
  Validity range taken: 15000 15999
  Data set for:KASY
  Validity range taken: 15000 99999
  Data set for:KAGE
  Validity range taken: 15394 15394
  Data set for:KAMA
  Validity range taken: 15394 15394
  Data set for:USER
  Validity range taken: 15000 15999
burst number = 2  -  run 15394  -  period 0  -  burst time 0  -  BadB.Skip = 0  -  magnet current = 540.0  -  dataType = 2
*COmPACT* (Tue Dec  9 23:14:09 2014) - closeCompact: Closing input file
*COmPACT* (Tue Dec  9 23:14:09 2014) - filename /castor/cern.ch/user/r/rmarchev/cmc007/magnet_corr/turbo/15395/kplus/kch_pipiene/kch_pipiene_07_03_2013.cmp1 offset 0
*COmPACT* (Tue Dec  9 23:14:17 2014) - openCompact: Version 7.3 MC Compact file, named /castor/cern.ch/user/r/rmarchev/cmc007/magnet_corr/turbo/15395/kplus/kch_pipiene/kch_pipiene_07_03_2013.cmp1 opened
File on castor:  not OK for xrootd: /castor/cern.ch/user/r/rmarchev/cmc007/magnet_corr/turbo/15395/kplus/kch_pipiene/kch_pipiene_07_03_2013.cmp1
Using file name: root://castorpublic.cern.ch//castor/cern.ch/user/r/rmarchev/cmc007/magnet_corr/turbo/15395/kplus/kch_pipiene/kch_pipiene_07_03_2013.cmp1
 Opened Kabes calibration files: 
 /afs/cern.ch/na48/offline2/compact/compact-7.3/compact/GeomFiles/kabes_cal_mc.dat
  Kabes calibration constant update FOR RUN: 15395
  Number of data set for:
 KABE KACS KAT1 KCAB KDET KAT0 KATS KARA KAYC KASY KAGE KAMA USER
                                   
    1    2    3    2 1316    4    1    2    3    1 1305 1316    3
  Data set for:KABE
  Validity range taken: 15000 99999
  Data set for:KACS
  Validity range taken: 15000 16905
  Data set for:KAT1
  Validity range taken: 15000 15999
  Data set for:KCAB
  Validity range taken: 15000 16905
  Data set for:KDET
  Validity range taken: 15395 15395
  Data set for:KAT0
  Validity range taken: 15000 15999
  Data set for:KATS
  Validity range taken: 15000 16999
  Data set for:KARA
  Validity range taken: 15000 16915
  Data set for:KAYC
  Validity range taken: 15000 15999
  Data set for:KASY
  Validity range taken: 15000 99999
  Data set for:KAGE
  Validity range taken: 15395 15395
  Data set for:KAMA
  Validity range taken: 15395 15395
  Data set for:USER
  Validity range taken: 15000 15999
burst number = 3  -  run 15395  -  period 0  -  burst time 0  -  BadB.Skip = 0  -  magnet current = 540.0  -  dataType = 2
*COmPACT* (Tue Dec  9 23:14:22 2014) - closeCompact: Closing input file
*COmPACT* (Tue Dec  9 23:14:22 2014) - filename /castor/cern.ch/user/r/rmarchev/cmc007/magnet_corr/turbo/15400/kplus/kch_pipiene/kch_pipiene_07_03_2013.cmp1 offset 0
*COmPACT* (Tue Dec  9 23:14:30 2014) - openCompact: Version 7.3 MC Compact file, named /castor/cern.ch/user/r/rmarchev/cmc007/magnet_corr/turbo/15400/kplus/kch_pipiene/kch_pipiene_07_03_2013.cmp1 opened
**COmPACT Warning** (Tue Dec  9 23:14:30 2014) - "get_run_info()": run 15400 not found in the database!!!
File on castor:  not OK for xrootd: /castor/cern.ch/user/r/rmarchev/cmc007/magnet_corr/turbo/15400/kplus/kch_pipiene/kch_pipiene_07_03_2013.cmp1
Using file name: root://castorpublic.cern.ch//castor/cern.ch/user/r/rmarchev/cmc007/magnet_corr/turbo/15400/kplus/kch_pipiene/kch_pipiene_07_03_2013.cmp1
 Opened Kabes calibration files: 
 /afs/cern.ch/na48/offline2/compact/compact-7.3/compact/GeomFiles/kabes_cal_mc.dat
  Kabes calibration constant update FOR RUN: 15400
  Number of data set for:
 KABE KACS KAT1 KCAB KDET KAT0 KATS KARA KAYC KASY KAGE KAMA USER
                                   
    1    2    3    2 1316    4    1    2    3    1 1305 1316    3
  Data set for:KABE
  Validity range taken: 15000 99999
  Data set for:KACS
  Validity range taken: 15000 16905
  Data set for:KAT1
  Validity range taken: 15000 15999
  Data set for:KCAB
  Validity range taken: 15000 16905
  Data set for:KDET
  Validity range taken: 15400 15400
  Data set for:KAT0
  Validity range taken: 15000 15999
  Data set for:KATS
  Validity range taken: 15000 16999
  Data set for:KARA
  Validity range taken: 15000 16915
  Data set for:KAYC
  Validity range taken: 15000 15999
  Data set for:KASY
  Validity range taken: 15000 99999
  Data set for:KAGE
  Validity range taken: 15400 15400
  Data set for:KAMA
  Validity range taken: 15400 15400
  Data set for:USER
  Validity range taken: 15000 15999
burst number = 4  -  run 15400  -  period 0  -  burst time 0  -  BadB.Skip = 0  -  magnet current = 0.0  -  dataType = 2
*COmPACT* (Tue Dec  9 23:14:35 2014) - closeCompact: Closing input file
*COmPACT* (Tue Dec  9 23:14:35 2014) - filename /castor/cern.ch/user/r/rmarchev/cmc007/magnet_corr/turbo/15401/kplus/kch_pipiene/kch_pipiene_07_03_2013.cmp1 offset 0
*COmPACT* (Tue Dec  9 23:14:40 2014) - openCompact: Version 7.3 MC Compact file, named /castor/cern.ch/user/r/rmarchev/cmc007/magnet_corr/turbo/15401/kplus/kch_pipiene/kch_pipiene_07_03_2013.cmp1 opened
File on castor:  not OK for xrootd: /castor/cern.ch/user/r/rmarchev/cmc007/magnet_corr/turbo/15401/kplus/kch_pipiene/kch_pipiene_07_03_2013.cmp1
Using file name: root://castorpublic.cern.ch//castor/cern.ch/user/r/rmarchev/cmc007/magnet_corr/turbo/15401/kplus/kch_pipiene/kch_pipiene_07_03_2013.cmp1
 Opened Kabes calibration files: 
 /afs/cern.ch/na48/offline2/compact/compact-7.3/compact/GeomFiles/kabes_cal_mc.dat
  Kabes calibration constant update FOR RUN: 15401
  Number of data set for:
 KABE KACS KAT1 KCAB KDET KAT0 KATS KARA KAYC KASY KAGE KAMA USER
                                   
    1    2    3    2 1316    4    1    2    3    1 1305 1316    3
  Data set for:KABE
  Validity range taken: 15000 99999
  Data set for:KACS
  Validity range taken: 15000 16905
  Data set for:KAT1
  Validity range taken: 15000 15999
  Data set for:KCAB
  Validity range taken: 15000 16905
  Data set for:KDET
  Validity range taken: 15401 15401
  Data set for:KAT0
  Validity range taken: 15000 15999
  Data set for:KATS
  Validity range taken: 15000 16999
  Data set for:KARA
  Validity range taken: 15000 16915
  Data set for:KAYC
  Validity range taken: 15000 15999
  Data set for:KASY
  Validity range taken: 15000 99999
  Data set for:KAGE
  Validity range taken: 15401 15401
  Data set for:KAMA
  Validity range taken: 15401 15401
  Data set for:USER
  Validity range taken: 15000 15999
burst number = 5  -  run 15401  -  period 0  -  burst time 0  -  BadB.Skip = 0  -  magnet current = -540.0  -  dataType = 2
*COmPACT* (Tue Dec  9 23:15:04 2014) - closeCompact: Closing input file
*COmPACT* (Tue Dec  9 23:15:04 2014) - filename /castor/cern.ch/user/r/rmarchev/cmc007/magnet_corr/turbo/15402/kplus/kch_pipiene/kch_pipiene_07_03_2013.cmp1 offset 0
*COmPACT* (Tue Dec  9 23:15:19 2014) - openCompact: Version 7.3 MC Compact file, named /castor/cern.ch/user/r/rmarchev/cmc007/magnet_corr/turbo/15402/kplus/kch_pipiene/kch_pipiene_07_03_2013.cmp1 opened
File on castor:  not OK for xrootd: /castor/cern.ch/user/r/rmarchev/cmc007/magnet_corr/turbo/15402/kplus/kch_pipiene/kch_pipiene_07_03_2013.cmp1
Using file name: root://castorpublic.cern.ch//castor/cern.ch/user/r/rmarchev/cmc007/magnet_corr/turbo/15402/kplus/kch_pipiene/kch_pipiene_07_03_2013.cmp1
 Opened Kabes calibration files: 
 /afs/cern.ch/na48/offline2/compact/compact-7.3/compact/GeomFiles/kabes_cal_mc.dat
  Kabes calibration constant update FOR RUN: 15402
  Number of data set for:
 KABE KACS KAT1 KCAB KDET KAT0 KATS KARA KAYC KASY KAGE KAMA USER
                                   
    1    2    3    2 1316    4    1    2    3    1 1305 1316    3
  Data set for:KABE
  Validity range taken: 15000 99999
  Data set for:KACS
  Validity range taken: 15000 16905
  Data set for:KAT1
  Validity range taken: 15000 15999
  Data set for:KCAB
  Validity range taken: 15000 16905
  Data set for:KDET
  Validity range taken: 15402 15402
  Data set for:KAT0
  Validity range taken: 15000 15999
  Data set for:KATS
  Validity range taken: 15000 16999
  Data set for:KARA
  Validity range taken: 15000 16915
  Data set for:KAYC
  Validity range taken: 15000 15999
  Data set for:KASY
  Validity range taken: 15000 99999
  Data set for:KAGE
  Validity range taken: 15402 15402
  Data set for:KAMA
  Validity range taken: 15402 15402
  Data set for:USER
  Validity range taken: 15000 15999
burst number = 6  -  run 15402  -  period 0  -  burst time 0  -  BadB.Skip = 0  -  magnet current = -540.0  -  dataType = 2
*COmPACT* (Tue Dec  9 23:15:21 2014) - closeCompact: Closing input file
*COmPACT* (Tue Dec  9 23:15:22 2014) - filename /castor/cern.ch/user/r/rmarchev/cmc007/magnet_corr/turbo/15403/kplus/kch_pipiene/kch_pipiene_07_03_2013.cmp1 offset 0
*COmPACT* (Tue Dec  9 23:15:32 2014) - openCompact: Version 7.3 MC Compact file, named /castor/cern.ch/user/r/rmarchev/cmc007/magnet_corr/turbo/15403/kplus/kch_pipiene/kch_pipiene_07_03_2013.cmp1 opened
File on castor:  not OK for xrootd: /castor/cern.ch/user/r/rmarchev/cmc007/magnet_corr/turbo/15403/kplus/kch_pipiene/kch_pipiene_07_03_2013.cmp1
Using file name: root://castorpublic.cern.ch//castor/cern.ch/user/r/rmarchev/cmc007/magnet_corr/turbo/15403/kplus/kch_pipiene/kch_pipiene_07_03_2013.cmp1
 Opened Kabes calibration files: 
 /afs/cern.ch/na48/offline2/compact/compact-7.3/compact/GeomFiles/kabes_cal_mc.dat
  Kabes calibration constant update FOR RUN: 15403
  Number of data set for:
 KABE KACS KAT1 KCAB KDET KAT0 KATS KARA KAYC KASY KAGE KAMA USER
                                   
    1    2    3    2 1316    4    1    2    3    1 1305 1316    3
  Data set for:KABE
  Validity range taken: 15000 99999
  Data set for:KACS
  Validity range taken: 15000 16905
  Data set for:KAT1
  Validity range taken: 15000 15999
  Data set for:KCAB
  Validity range taken: 15000 16905
  Data set for:KDET
  Validity range taken: 15403 15403
  Data set for:KAT0
  Validity range taken: 15000 15999
  Data set for:KATS
  Validity range taken: 15000 16999
  Data set for:KARA
  Validity range taken: 15000 16915
  Data set for:KAYC
  Validity range taken: 15000 15999
  Data set for:KASY
  Validity range taken: 15000 99999
  Data set for:KAGE
  Validity range taken: 15403 15403
  Data set for:KAMA
  Validity range taken: 15403 15403
  Data set for:USER
  Validity range taken: 15000 15999
burst number = 7  -  run 15403  -  period 0  -  burst time 0  -  BadB.Skip = 0  -  magnet current = -540.0  -  dataType = 2
*COmPACT* (Tue Dec  9 23:16:21 2014) - closeCompact: Closing input file
*COmPACT* (Tue Dec  9 23:16:21 2014) - filename /castor/cern.ch/user/r/rmarchev/cmc007/magnet_corr/turbo/15404/kplus/kch_pipiene/kch_pipiene_07_03_2013.cmp1 offset 0
*COmPACT* (Tue Dec  9 23:16:29 2014) - openCompact: Version 7.3 MC Compact file, named /castor/cern.ch/user/r/rmarchev/cmc007/magnet_corr/turbo/15404/kplus/kch_pipiene/kch_pipiene_07_03_2013.cmp1 opened
File on castor:  not OK for xrootd: /castor/cern.ch/user/r/rmarchev/cmc007/magnet_corr/turbo/15404/kplus/kch_pipiene/kch_pipiene_07_03_2013.cmp1
Using file name: root://castorpublic.cern.ch//castor/cern.ch/user/r/rmarchev/cmc007/magnet_corr/turbo/15404/kplus/kch_pipiene/kch_pipiene_07_03_2013.cmp1
 Opened Kabes calibration files: 
 /afs/cern.ch/na48/offline2/compact/compact-7.3/compact/GeomFiles/kabes_cal_mc.dat
  Kabes calibration constant update FOR RUN: 15404
  Number of data set for:
 KABE KACS KAT1 KCAB KDET KAT0 KATS KARA KAYC KASY KAGE KAMA USER
                                   
    1    2    3    2 1316    4    1    2    3    1 1305 1316    3
  Data set for:KABE
  Validity range taken: 15000 99999
  Data set for:KACS
  Validity range taken: 15000 16905
  Data set for:KAT1
  Validity range taken: 15000 15999
  Data set for:KCAB
  Validity range taken: 15000 16905
  Data set for:KDET
  Validity range taken: 15404 15404
  Data set for:KAT0
  Validity range taken: 15000 15999
  Data set for:KATS
  Validity range taken: 15000 16999
  Data set for:KARA
  Validity range taken: 15000 16915
  Data set for:KAYC
  Validity range taken: 15000 15999
  Data set for:KASY
  Validity range taken: 15000 99999
  Data set for:KAGE
  Validity range taken: 15404 15404
  Data set for:KAMA
  Validity range taken: 15404 15404
  Data set for:USER
  Validity range taken: 15000 15999
burst number = 8  -  run 15404  -  period 0  -  burst time 0  -  BadB.Skip = 0  -  magnet current = 540.0  -  dataType = 2
*COmPACT* (Tue Dec  9 23:17:33 2014) - closeCompact: Closing input file
*COmPACT* (Tue Dec  9 23:17:33 2014) - filename /castor/cern.ch/user/r/rmarchev/cmc007/magnet_corr/turbo/15405/kplus/kch_pipiene/kch_pipiene_07_03_2013.cmp1 offset 0
*COmPACT* (Tue Dec  9 23:17:39 2014) - openCompact: Version 7.3 MC Compact file, named /castor/cern.ch/user/r/rmarchev/cmc007/magnet_corr/turbo/15405/kplus/kch_pipiene/kch_pipiene_07_03_2013.cmp1 opened
File on castor:  not OK for xrootd: /castor/cern.ch/user/r/rmarchev/cmc007/magnet_corr/turbo/15405/kplus/kch_pipiene/kch_pipiene_07_03_2013.cmp1
Using file name: root://castorpublic.cern.ch//castor/cern.ch/user/r/rmarchev/cmc007/magnet_corr/turbo/15405/kplus/kch_pipiene/kch_pipiene_07_03_2013.cmp1
 Opened Kabes calibration files: 
 /afs/cern.ch/na48/offline2/compact/compact-7.3/compact/GeomFiles/kabes_cal_mc.dat
  Kabes calibration constant update FOR RUN: 15405
  Number of data set for:
 KABE KACS KAT1 KCAB KDET KAT0 KATS KARA KAYC KASY KAGE KAMA USER
                                   
    1    2    3    2 1316    4    1    2    3    1 1305 1316    3
  Data set for:KABE
  Validity range taken: 15000 99999
  Data set for:KACS
  Validity range taken: 15000 16905
  Data set for:KAT1
  Validity range taken: 15000 15999
  Data set for:KCAB
  Validity range taken: 15000 16905
  Data set for:KDET
  Validity range taken: 15405 15405
  Data set for:KAT0
  Validity range taken: 15000 15999
  Data set for:KATS
  Validity range taken: 15000 16999
  Data set for:KARA
  Validity range taken: 15000 16915
  Data set for:KAYC
  Validity range taken: 15000 15999
  Data set for:KASY
  Validity range taken: 15000 99999
  Data set for:KAGE
  Validity range taken: 15405 15405
  Data set for:KAMA
  Validity range taken: 15405 15405
  Data set for:USER
  Validity range taken: 15000 15999
burst number = 9  -  run 15405  -  period 0  -  burst time 0  -  BadB.Skip = 0  -  magnet current = 540.0  -  dataType = 2
*COmPACT* (Tue Dec  9 23:17:42 2014) - closeCompact: Closing input file
*COmPACT* (Tue Dec  9 23:17:42 2014) - filename /castor/cern.ch/user/r/rmarchev/cmc007/magnet_corr/turbo/15406/kplus/kch_pipiene/kch_pipiene_07_03_2013.cmp1 offset 0
*COmPACT* (Tue Dec  9 23:17:51 2014) - openCompact: Version 7.3 MC Compact file, named /castor/cern.ch/user/r/rmarchev/cmc007/magnet_corr/turbo/15406/kplus/kch_pipiene/kch_pipiene_07_03_2013.cmp1 opened
File on castor:  not OK for xrootd: /castor/cern.ch/user/r/rmarchev/cmc007/magnet_corr/turbo/15406/kplus/kch_pipiene/kch_pipiene_07_03_2013.cmp1
Using file name: root://castorpublic.cern.ch//castor/cern.ch/user/r/rmarchev/cmc007/magnet_corr/turbo/15406/kplus/kch_pipiene/kch_pipiene_07_03_2013.cmp1
 Opened Kabes calibration files: 
 /afs/cern.ch/na48/offline2/compact/compact-7.3/compact/GeomFiles/kabes_cal_mc.dat
  Kabes calibration constant update FOR RUN: 15406
  Number of data set for:
 KABE KACS KAT1 KCAB KDET KAT0 KATS KARA KAYC KASY KAGE KAMA USER
                                   
    1    2    3    2 1316    4    1    2    3    1 1305 1316    3
  Data set for:KABE
  Validity range taken: 15000 99999
  Data set for:KACS
  Validity range taken: 15000 16905
  Data set for:KAT1
  Validity range taken: 15000 15999
  Data set for:KCAB
  Validity range taken: 15000 16905
  Data set for:KDET
  Validity range taken: 15406 15406
  Data set for:KAT0
  Validity range taken: 15000 15999
  Data set for:KATS
  Validity range taken: 15000 16999
  Data set for:KARA
  Validity range taken: 15000 16915
  Data set for:KAYC
  Validity range taken: 15000 15999
  Data set for:KASY
  Validity range taken: 15000 99999
  Data set for:KAGE
  Validity range taken: 15406 15406
  Data set for:KAMA
  Validity range taken: 15406 15406
  Data set for:USER
  Validity range taken: 15000 15999
burst number = 10  -  run 15406  -  period 0  -  burst time 0  -  BadB.Skip = 0  -  magnet current = 540.0  -  dataType = 2
*COmPACT* (Tue Dec  9 23:18:54 2014) - closeCompact: Closing input file
*COmPACT* (Tue Dec  9 23:18:54 2014) - filename /castor/cern.ch/user/r/rmarchev/cmc007/magnet_corr/turbo/15407/kplus/kch_pipiene/kch_pipiene_07_03_2013.cmp1 offset 0
*COmPACT* (Tue Dec  9 23:19:03 2014) - openCompact: Version 7.3 MC Compact file, named /castor/cern.ch/user/r/rmarchev/cmc007/magnet_corr/turbo/15407/kplus/kch_pipiene/kch_pipiene_07_03_2013.cmp1 opened
File on castor:  not OK for xrootd: /castor/cern.ch/user/r/rmarchev/cmc007/magnet_corr/turbo/15407/kplus/kch_pipiene/kch_pipiene_07_03_2013.cmp1
Using file name: root://castorpublic.cern.ch//castor/cern.ch/user/r/rmarchev/cmc007/magnet_corr/turbo/15407/kplus/kch_pipiene/kch_pipiene_07_03_2013.cmp1
 Opened Kabes calibration files: 
 /afs/cern.ch/na48/offline2/compact/compact-7.3/compact/GeomFiles/kabes_cal_mc.dat
  Kabes calibration constant update FOR RUN: 15407
  Number of data set for:
 KABE KACS KAT1 KCAB KDET KAT0 KATS KARA KAYC KASY KAGE KAMA USER
                                   
    1    2    3    2 1316    4    1    2    3    1 1305 1316    3
  Data set for:KABE
  Validity range taken: 15000 99999
  Data set for:KACS
  Validity range taken: 15000 16905
  Data set for:KAT1
  Validity range taken: 15000 15999
  Data set for:KCAB
  Validity range taken: 15000 16905
  Data set for:KDET
  Validity range taken: 15407 15407
  Data set for:KAT0
  Validity range taken: 15000 15999
  Data set for:KATS
  Validity range taken: 15000 16999
  Data set for:KARA
  Validity range taken: 15000 16915
  Data set for:KAYC
  Validity range taken: 15000 15999
  Data set for:KASY
  Validity range taken: 15000 99999
  Data set for:KAGE
  Validity range taken: 15407 15407
  Data set for:KAMA
  Validity range taken: 15407 15407
  Data set for:USER
  Validity range taken: 15000 15999
burst number = 11  -  run 15407  -  period 0  -  burst time 0  -  BadB.Skip = 0  -  magnet current = 540.0  -  dataType = 2
*COmPACT* (Tue Dec  9 23:20:01 2014) - closeCompact: Closing input file
*COmPACT* (Tue Dec  9 23:20:01 2014) - filename /castor/cern.ch/user/r/rmarchev/cmc007/magnet_corr/turbo/15408/kplus/kch_pipiene/kch_pipiene_07_03_2013.cmp1 offset 0
*COmPACT* (Tue Dec  9 23:20:08 2014) - openCompact: Version 7.3 MC Compact file, named /castor/cern.ch/user/r/rmarchev/cmc007/magnet_corr/turbo/15408/kplus/kch_pipiene/kch_pipiene_07_03_2013.cmp1 opened
File on castor:  not OK for xrootd: /castor/cern.ch/user/r/rmarchev/cmc007/magnet_corr/turbo/15408/kplus/kch_pipiene/kch_pipiene_07_03_2013.cmp1
Using file name: root://castorpublic.cern.ch//castor/cern.ch/user/r/rmarchev/cmc007/magnet_corr/turbo/15408/kplus/kch_pipiene/kch_pipiene_07_03_2013.cmp1
 Opened Kabes calibration files: 
 /afs/cern.ch/na48/offline2/compact/compact-7.3/compact/GeomFiles/kabes_cal_mc.dat
  Kabes calibration constant update FOR RUN: 15408
  Number of data set for:
 KABE KACS KAT1 KCAB KDET KAT0 KATS KARA KAYC KASY KAGE KAMA USER
                                   
    1    2    3    2 1316    4    1    2    3    1 1305 1316    3
  Data set for:KABE
  Validity range taken: 15000 99999
  Data set for:KACS
  Validity range taken: 15000 16905
  Data set for:KAT1
  Validity range taken: 15000 15999
  Data set for:KCAB
  Validity range taken: 15000 16905
  Data set for:KDET
  Validity range taken: 15408 15408
  Data set for:KAT0
  Validity range taken: 15000 15999
  Data set for:KATS
  Validity range taken: 15000 16999
  Data set for:KARA
  Validity range taken: 15000 16915
  Data set for:KAYC
  Validity range taken: 15000 15999
  Data set for:KASY
  Validity range taken: 15000 99999
  Data set for:KAGE
  Validity range taken: 15408 15408
  Data set for:KAMA
  Validity range taken: 15408 15408
  Data set for:USER
  Validity range taken: 15000 15999
burst number = 12  -  run 15408  -  period 0  -  burst time 0  -  BadB.Skip = 0  -  magnet current = -540.0  -  dataType = 2
*COmPACT* (Tue Dec  9 23:20:24 2014) - closeCompact: Closing input file
*COmPACT* (Tue Dec  9 23:20:24 2014) - filename /castor/cern.ch/user/r/rmarchev/cmc007/magnet_corr/turbo/15410/kplus/kch_pipiene/kch_pipiene_07_03_2013.cmp1 offset 0
*COmPACT* (Tue Dec  9 23:20:29 2014) - openCompact: Version 7.3 MC Compact file, named /castor/cern.ch/user/r/rmarchev/cmc007/magnet_corr/turbo/15410/kplus/kch_pipiene/kch_pipiene_07_03_2013.cmp1 opened
File on castor:  not OK for xrootd: /castor/cern.ch/user/r/rmarchev/cmc007/magnet_corr/turbo/15410/kplus/kch_pipiene/kch_pipiene_07_03_2013.cmp1
Using file name: root://castorpublic.cern.ch//castor/cern.ch/user/r/rmarchev/cmc007/magnet_corr/turbo/15410/kplus/kch_pipiene/kch_pipiene_07_03_2013.cmp1
 Opened Kabes calibration files: 
 /afs/cern.ch/na48/offline2/compact/compact-7.3/compact/GeomFiles/kabes_cal_mc.dat
  Kabes calibration constant update FOR RUN: 15410
  Number of data set for:
 KABE KACS KAT1 KCAB KDET KAT0 KATS KARA KAYC KASY KAGE KAMA USER
                                   
    1    2    3    2 1316    4    1    2    3    1 1305 1316    3
  Data set for:KABE
  Validity range taken: 15000 99999
  Data set for:KACS
  Validity range taken: 15000 16905
  Data set for:KAT1
  Validity range taken: 15000 15999
  Data set for:KCAB
  Validity range taken: 15000 16905
  Data set for:KDET
  Validity range taken: 15410 15410
  Data set for:KAT0
  Validity range taken: 15000 15999
  Data set for:KATS
  Validity range taken: 15000 16999
  Data set for:KARA
  Validity range taken: 15000 16915
  Data set for:KAYC
  Validity range taken: 15000 15999
  Data set for:KASY
  Validity range taken: 15000 99999
  Data set for:KAGE
  Validity range taken: 15410 15410
  Data set for:KAMA
  Validity range taken: 15410 15410
  Data set for:USER
  Validity range taken: 15000 15999
burst number = 13  -  run 15410  -  period 0  -  burst time 0  -  BadB.Skip = 0  -  magnet current = -540.0  -  dataType = 2
*COmPACT* (Tue Dec  9 23:21:12 2014) - closeCompact: Closing input file
*COmPACT* (Tue Dec  9 23:21:12 2014) - filename /castor/cern.ch/user/r/rmarchev/cmc007/magnet_corr/turbo/15411/kplus/kch_pipiene/kch_pipiene_07_03_2013.cmp1 offset 0
*COmPACT* (Tue Dec  9 23:21:17 2014) - openCompact: Version 7.3 MC Compact file, named /castor/cern.ch/user/r/rmarchev/cmc007/magnet_corr/turbo/15411/kplus/kch_pipiene/kch_pipiene_07_03_2013.cmp1 opened
File on castor:  not OK for xrootd: /castor/cern.ch/user/r/rmarchev/cmc007/magnet_corr/turbo/15411/kplus/kch_pipiene/kch_pipiene_07_03_2013.cmp1
Using file name: root://castorpublic.cern.ch//castor/cern.ch/user/r/rmarchev/cmc007/magnet_corr/turbo/15411/kplus/kch_pipiene/kch_pipiene_07_03_2013.cmp1
 Opened Kabes calibration files: 
 /afs/cern.ch/na48/offline2/compact/compact-7.3/compact/GeomFiles/kabes_cal_mc.dat
  Kabes calibration constant update FOR RUN: 15411
  Number of data set for:
 KABE KACS KAT1 KCAB KDET KAT0 KATS KARA KAYC KASY KAGE KAMA USER
                                   
    1    2    3    2 1316    4    1    2    3    1 1305 1316    3
  Data set for:KABE
  Validity range taken: 15000 99999
  Data set for:KACS
  Validity range taken: 15000 16905
  Data set for:KAT1
  Validity range taken: 15000 15999
  Data set for:KCAB
  Validity range taken: 15000 16905
  Data set for:KDET
  Validity range taken: 15411 15411
  Data set for:KAT0
  Validity range taken: 15000 15999
  Data set for:KATS
  Validity range taken: 15000 16999
  Data set for:KARA
  Validity range taken: 15000 16915
  Data set for:KAYC
  Validity range taken: 15000 15999
  Data set for:KASY
  Validity range taken: 15000 99999
  Data set for:KAGE
  Validity range taken: 15411 15411
  Data set for:KAMA
  Validity range taken: 15411 15411
  Data set for:USER
  Validity range taken: 15000 15999
burst number = 14  -  run 15411  -  period 0  -  burst time 0  -  BadB.Skip = 0  -  magnet current = -540.0  -  dataType = 2
*COmPACT* (Tue Dec  9 23:21:17 2014) - closeCompact: Closing input file
*COmPACT* (Tue Dec  9 23:21:20 2014) - filename /castor/cern.ch/user/r/rmarchev/cmc007/magnet_corr/turbo/15412/kplus/kch_pipiene/kch_pipiene_07_03_2013.cmp1 offset 0
*COmPACT* (Tue Dec  9 23:21:26 2014) - openCompact: Version 7.3 MC Compact file, named /castor/cern.ch/user/r/rmarchev/cmc007/magnet_corr/turbo/15412/kplus/kch_pipiene/kch_pipiene_07_03_2013.cmp1 opened
File on castor:  not OK for xrootd: /castor/cern.ch/user/r/rmarchev/cmc007/magnet_corr/turbo/15412/kplus/kch_pipiene/kch_pipiene_07_03_2013.cmp1
Using file name: root://castorpublic.cern.ch//castor/cern.ch/user/r/rmarchev/cmc007/magnet_corr/turbo/15412/kplus/kch_pipiene/kch_pipiene_07_03_2013.cmp1
 Opened Kabes calibration files: 
 /afs/cern.ch/na48/offline2/compact/compact-7.3/compact/GeomFiles/kabes_cal_mc.dat
  Kabes calibration constant update FOR RUN: 15412
  Number of data set for:
 KABE KACS KAT1 KCAB KDET KAT0 KATS KARA KAYC KASY KAGE KAMA USER
                                   
    1    2    3    2 1316    4    1    2    3    1 1305 1316    3
  Data set for:KABE
  Validity range taken: 15000 99999
  Data set for:KACS
  Validity range taken: 15000 16905
  Data set for:KAT1
  Validity range taken: 15000 15999
  Data set for:KCAB
  Validity range taken: 15000 16905
  Data set for:KDET
  Validity range taken: 15412 15412
  Data set for:KAT0
  Validity range taken: 15000 15999
  Data set for:KATS
  Validity range taken: 15000 16999
  Data set for:KARA
  Validity range taken: 15000 16915
  Data set for:KAYC
  Validity range taken: 15000 15999
  Data set for:KASY
  Validity range taken: 15000 99999
  Data set for:KAGE
  Validity range taken: 15412 15412
  Data set for:KAMA
  Validity range taken: 15412 15412
  Data set for:USER
  Validity range taken: 15000 15999
burst number = 15  -  run 15412  -  period 0  -  burst time 0  -  BadB.Skip = 0  -  magnet current = -540.0  -  dataType = 2
*COmPACT* (Tue Dec  9 23:22:42 2014) - closeCompact: Closing input file
*COmPACT* (Tue Dec  9 23:22:43 2014) - filename /castor/cern.ch/user/r/rmarchev/cmc007/magnet_corr/turbo/15413/kplus/kch_pipiene/kch_pipiene_07_03_2013.cmp1 offset 0
*COmPACT* (Tue Dec  9 23:22:49 2014) - openCompact: Version 7.3 MC Compact file, named /castor/cern.ch/user/r/rmarchev/cmc007/magnet_corr/turbo/15413/kplus/kch_pipiene/kch_pipiene_07_03_2013.cmp1 opened
File on castor:  not OK for xrootd: /castor/cern.ch/user/r/rmarchev/cmc007/magnet_corr/turbo/15413/kplus/kch_pipiene/kch_pipiene_07_03_2013.cmp1
Using file name: root://castorpublic.cern.ch//castor/cern.ch/user/r/rmarchev/cmc007/magnet_corr/turbo/15413/kplus/kch_pipiene/kch_pipiene_07_03_2013.cmp1
 Opened Kabes calibration files: 
 /afs/cern.ch/na48/offline2/compact/compact-7.3/compact/GeomFiles/kabes_cal_mc.dat
  Kabes calibration constant update FOR RUN: 15413
  Number of data set for:
 KABE KACS KAT1 KCAB KDET KAT0 KATS KARA KAYC KASY KAGE KAMA USER
                                   
    1    2    3    2 1316    4    1    2    3    1 1305 1316    3
  Data set for:KABE
  Validity range taken: 15000 99999
  Data set for:KACS
  Validity range taken: 15000 16905
  Data set for:KAT1
  Validity range taken: 15000 15999
  Data set for:KCAB
  Validity range taken: 15000 16905
  Data set for:KDET
  Validity range taken: 15413 15413
  Data set for:KAT0
  Validity range taken: 15000 15999
  Data set for:KATS
  Validity range taken: 15000 16999
  Data set for:KARA
  Validity range taken: 15000 16915
  Data set for:KAYC
  Validity range taken: 15000 15999
  Data set for:KASY
  Validity range taken: 15000 99999
  Data set for:KAGE
  Validity range taken: 15413 15413
  Data set for:KAMA
  Validity range taken: 15413 15413
  Data set for:USER
  Validity range taken: 15000 15999
burst number = 16  -  run 15413  -  period 0  -  burst time 0  -  BadB.Skip = 0  -  magnet current = -540.0  -  dataType = 2
*COmPACT* (Tue Dec  9 23:23:56 2014) - closeCompact: Closing input file
*COmPACT* (Tue Dec  9 23:23:56 2014) - filename /castor/cern.ch/user/r/rmarchev/cmc007/magnet_corr/turbo/15414/kplus/kch_pipiene/kch_pipiene_07_03_2013.cmp1 offset 0
*COmPACT* (Tue Dec  9 23:24:00 2014) - openCompact: Version 7.3 MC Compact file, named /castor/cern.ch/user/r/rmarchev/cmc007/magnet_corr/turbo/15414/kplus/kch_pipiene/kch_pipiene_07_03_2013.cmp1 opened
File on castor:  not OK for xrootd: /castor/cern.ch/user/r/rmarchev/cmc007/magnet_corr/turbo/15414/kplus/kch_pipiene/kch_pipiene_07_03_2013.cmp1
Using file name: root://castorpublic.cern.ch//castor/cern.ch/user/r/rmarchev/cmc007/magnet_corr/turbo/15414/kplus/kch_pipiene/kch_pipiene_07_03_2013.cmp1
 Opened Kabes calibration files: 
 /afs/cern.ch/na48/offline2/compact/compact-7.3/compact/GeomFiles/kabes_cal_mc.dat
  Kabes calibration constant update FOR RUN: 15414
  Number of data set for:
 KABE KACS KAT1 KCAB KDET KAT0 KATS KARA KAYC KASY KAGE KAMA USER
                                   
    1    2    3    2 1316    4    1    2    3    1 1305 1316    3
  Data set for:KABE
  Validity range taken: 15000 99999
  Data set for:KACS
  Validity range taken: 15000 16905
  Data set for:KAT1
  Validity range taken: 15000 15999
  Data set for:KCAB
  Validity range taken: 15000 16905
  Data set for:KDET
  Validity range taken: 15414 15414
  Data set for:KAT0
  Validity range taken: 15000 15999
  Data set for:KATS
  Validity range taken: 15000 16999
  Data set for:KARA
  Validity range taken: 15000 16915
  Data set for:KAYC
  Validity range taken: 15000 15999
  Data set for:KASY
  Validity range taken: 15000 99999
  Data set for:KAGE
  Validity range taken: 15414 15414
  Data set for:KAMA
  Validity range taken: 15414 15414
  Data set for:USER
  Validity range taken: 15000 15999
burst number = 17  -  run 15414  -  period 0  -  burst time 0  -  BadB.Skip = 0  -  magnet current = 540.0  -  dataType = 2
*COmPACT* (Tue Dec  9 23:25:07 2014) - closeCompact: Closing input file
*COmPACT* (Tue Dec  9 23:25:07 2014) - filename /castor/cern.ch/user/r/rmarchev/cmc007/magnet_corr/turbo/15415/kplus/kch_pipiene/kch_pipiene_07_03_2013.cmp1 offset 0
*COmPACT* (Tue Dec  9 23:25:13 2014) - openCompact: Version 7.3 MC Compact file, named /castor/cern.ch/user/r/rmarchev/cmc007/magnet_corr/turbo/15415/kplus/kch_pipiene/kch_pipiene_07_03_2013.cmp1 opened
File on castor:  not OK for xrootd: /castor/cern.ch/user/r/rmarchev/cmc007/magnet_corr/turbo/15415/kplus/kch_pipiene/kch_pipiene_07_03_2013.cmp1
Using file name: root://castorpublic.cern.ch//castor/cern.ch/user/r/rmarchev/cmc007/magnet_corr/turbo/15415/kplus/kch_pipiene/kch_pipiene_07_03_2013.cmp1
 Opened Kabes calibration files: 
 /afs/cern.ch/na48/offline2/compact/compact-7.3/compact/GeomFiles/kabes_cal_mc.dat
  Kabes calibration constant update FOR RUN: 15415
  Number of data set for:
 KABE KACS KAT1 KCAB KDET KAT0 KATS KARA KAYC KASY KAGE KAMA USER
                                   
    1    2    3    2 1316    4    1    2    3    1 1305 1316    3
  Data set for:KABE
  Validity range taken: 15000 99999
  Data set for:KACS
  Validity range taken: 15000 16905
  Data set for:KAT1
  Validity range taken: 15000 15999
  Data set for:KCAB
  Validity range taken: 15000 16905
  Data set for:KDET
  Validity range taken: 15415 15415
  Data set for:KAT0
  Validity range taken: 15000 15999
  Data set for:KATS
  Validity range taken: 15000 16999
  Data set for:KARA
  Validity range taken: 15000 16915
  Data set for:KAYC
  Validity range taken: 15000 15999
  Data set for:KASY
  Validity range taken: 15000 99999
  Data set for:KAGE
  Validity range taken: 15415 15415
  Data set for:KAMA
  Validity range taken: 15415 15415
  Data set for:USER
  Validity range taken: 15000 15999
burst number = 18  -  run 15415  -  period 0  -  burst time 0  -  BadB.Skip = 0  -  magnet current = 540.0  -  dataType = 2
*COmPACT* (Tue Dec  9 23:26:02 2014) - closeCompact: Closing input file
*COmPACT* (Tue Dec  9 23:26:02 2014) - filename /castor/cern.ch/user/r/rmarchev/cmc007/magnet_corr/turbo/15416/kplus/kch_pipiene/kch_pipiene_07_03_2013.cmp1 offset 0
*COmPACT* (Tue Dec  9 23:26:12 2014) - openCompact: Version 7.3 MC Compact file, named /castor/cern.ch/user/r/rmarchev/cmc007/magnet_corr/turbo/15416/kplus/kch_pipiene/kch_pipiene_07_03_2013.cmp1 opened
File on castor:  not OK for xrootd: /castor/cern.ch/user/r/rmarchev/cmc007/magnet_corr/turbo/15416/kplus/kch_pipiene/kch_pipiene_07_03_2013.cmp1
Using file name: root://castorpublic.cern.ch//castor/cern.ch/user/r/rmarchev/cmc007/magnet_corr/turbo/15416/kplus/kch_pipiene/kch_pipiene_07_03_2013.cmp1
 Opened Kabes calibration files: 
 /afs/cern.ch/na48/offline2/compact/compact-7.3/compact/GeomFiles/kabes_cal_mc.dat
  Kabes calibration constant update FOR RUN: 15416
  Number of data set for:
 KABE KACS KAT1 KCAB KDET KAT0 KATS KARA KAYC KASY KAGE KAMA USER
                                   
    1    2    3    2 1316    4    1    2    3    1 1305 1316    3
  Data set for:KABE
  Validity range taken: 15000 99999
  Data set for:KACS
  Validity range taken: 15000 16905
  Data set for:KAT1
  Validity range taken: 15000 15999
  Data set for:KCAB
  Validity range taken: 15000 16905
  Data set for:KDET
  Validity range taken: 15416 15416
  Data set for:KAT0
  Validity range taken: 15000 15999
  Data set for:KATS
  Validity range taken: 15000 16999
  Data set for:KARA
  Validity range taken: 15000 16915
  Data set for:KAYC
  Validity range taken: 15000 15999
  Data set for:KASY
  Validity range taken: 15000 99999
  Data set for:KAGE
  Validity range taken: 15416 15416
  Data set for:KAMA
  Validity range taken: 15416 15416
  Data set for:USER
  Validity range taken: 15000 15999
burst number = 19  -  run 15416  -  period 0  -  burst time 0  -  BadB.Skip = 0  -  magnet current = 540.0  -  dataType = 2
*COmPACT* (Tue Dec  9 23:27:29 2014) - closeCompact: Closing input file
*COmPACT* (Tue Dec  9 23:27:29 2014) - filename /castor/cern.ch/user/r/rmarchev/cmc007/magnet_corr/turbo/15417/kplus/kch_pipiene/kch_pipiene_07_03_2013.cmp1 offset 0
*COmPACT* (Tue Dec  9 23:27:35 2014) - openCompact: Version 7.3 MC Compact file, named /castor/cern.ch/user/r/rmarchev/cmc007/magnet_corr/turbo/15417/kplus/kch_pipiene/kch_pipiene_07_03_2013.cmp1 opened
File on castor:  not OK for xrootd: /castor/cern.ch/user/r/rmarchev/cmc007/magnet_corr/turbo/15417/kplus/kch_pipiene/kch_pipiene_07_03_2013.cmp1
Using file name: root://castorpublic.cern.ch//castor/cern.ch/user/r/rmarchev/cmc007/magnet_corr/turbo/15417/kplus/kch_pipiene/kch_pipiene_07_03_2013.cmp1
 Opened Kabes calibration files: 
 /afs/cern.ch/na48/offline2/compact/compact-7.3/compact/GeomFiles/kabes_cal_mc.dat
  Kabes calibration constant update FOR RUN: 15417
  Number of data set for:
 KABE KACS KAT1 KCAB KDET KAT0 KATS KARA KAYC KASY KAGE KAMA USER
                                   
    1    2    3    2 1316    4    1    2    3    1 1305 1316    3
  Data set for:KABE
  Validity range taken: 15000 99999
  Data set for:KACS
  Validity range taken: 15000 16905
  Data set for:KAT1
  Validity range taken: 15000 15999
  Data set for:KCAB
  Validity range taken: 15000 16905
  Data set for:KDET
  Validity range taken: 15417 15417
  Data set for:KAT0
  Validity range taken: 15000 15999
  Data set for:KATS
  Validity range taken: 15000 16999
  Data set for:KARA
  Validity range taken: 15000 16915
  Data set for:KAYC
  Validity range taken: 15000 15999
  Data set for:KASY
  Validity range taken: 15000 99999
  Data set for:KAGE
  Validity range taken: 15417 15417
  Data set for:KAMA
  Validity range taken: 15417 15417
  Data set for:USER
  Validity range taken: 15000 15999
burst number = 20  -  run 15417  -  period 0  -  burst time 0  -  BadB.Skip = 0  -  magnet current = 540.0  -  dataType = 2
*COmPACT* (Tue Dec  9 23:28:07 2014) - closeCompact: Closing input file
*COmPACT* (Tue Dec  9 23:28:07 2014) - filename /castor/cern.ch/user/r/rmarchev/cmc007/magnet_corr/turbo/15418/kplus/kch_pipiene/kch_pipiene_07_03_2013.cmp1 offset 0
*COmPACT* (Tue Dec  9 23:28:17 2014) - openCompact: Version 7.3 MC Compact file, named /castor/cern.ch/user/r/rmarchev/cmc007/magnet_corr/turbo/15418/kplus/kch_pipiene/kch_pipiene_07_03_2013.cmp1 opened
File on castor:  not OK for xrootd: /castor/cern.ch/user/r/rmarchev/cmc007/magnet_corr/turbo/15418/kplus/kch_pipiene/kch_pipiene_07_03_2013.cmp1
Using file name: root://castorpublic.cern.ch//castor/cern.ch/user/r/rmarchev/cmc007/magnet_corr/turbo/15418/kplus/kch_pipiene/kch_pipiene_07_03_2013.cmp1
 Opened Kabes calibration files: 
 /afs/cern.ch/na48/offline2/compact/compact-7.3/compact/GeomFiles/kabes_cal_mc.dat
  Kabes calibration constant update FOR RUN: 15418
  Number of data set for:
 KABE KACS KAT1 KCAB KDET KAT0 KATS KARA KAYC KASY KAGE KAMA USER
                                   
    1    2    3    2 1316    4    1    2    3    1 1305 1316    3
  Data set for:KABE
  Validity range taken: 15000 99999
  Data set for:KACS
  Validity range taken: 15000 16905
  Data set for:KAT1
  Validity range taken: 15000 15999
  Data set for:KCAB
  Validity range taken: 15000 16905
  Data set for:KDET
  Validity range taken: 15418 15418
  Data set for:KAT0
  Validity range taken: 15000 15999
  Data set for:KATS
  Validity range taken: 15000 16999
  Data set for:KARA
  Validity range taken: 15000 16915
  Data set for:KAYC
  Validity range taken: 15000 15999
  Data set for:KASY
  Validity range taken: 15000 99999
  Data set for:KAGE
  Validity range taken: 15418 15418
  Data set for:KAMA
  Validity range taken: 15418 15418
  Data set for:USER
  Validity range taken: 15000 15999
burst number = 21  -  run 15418  -  period 0  -  burst time 0  -  BadB.Skip = 0  -  magnet current = -540.0  -  dataType = 2
*COmPACT* (Tue Dec  9 23:29:17 2014) - closeCompact: Closing input file
*COmPACT* (Tue Dec  9 23:29:17 2014) - filename /castor/cern.ch/user/r/rmarchev/cmc007/magnet_corr/turbo/15419/kplus/kch_pipiene/kch_pipiene_07_03_2013.cmp1 offset 0
*COmPACT* (Tue Dec  9 23:29:24 2014) - openCompact: Version 7.3 MC Compact file, named /castor/cern.ch/user/r/rmarchev/cmc007/magnet_corr/turbo/15419/kplus/kch_pipiene/kch_pipiene_07_03_2013.cmp1 opened
File on castor:  not OK for xrootd: /castor/cern.ch/user/r/rmarchev/cmc007/magnet_corr/turbo/15419/kplus/kch_pipiene/kch_pipiene_07_03_2013.cmp1
Using file name: root://castorpublic.cern.ch//castor/cern.ch/user/r/rmarchev/cmc007/magnet_corr/turbo/15419/kplus/kch_pipiene/kch_pipiene_07_03_2013.cmp1
 Opened Kabes calibration files: 
 /afs/cern.ch/na48/offline2/compact/compact-7.3/compact/GeomFiles/kabes_cal_mc.dat
  Kabes calibration constant update FOR RUN: 15419
  Number of data set for:
 KABE KACS KAT1 KCAB KDET KAT0 KATS KARA KAYC KASY KAGE KAMA USER
                                   
    1    2    3    2 1316    4    1    2    3    1 1305 1316    3
  Data set for:KABE
  Validity range taken: 15000 99999
  Data set for:KACS
  Validity range taken: 15000 16905
  Data set for:KAT1
  Validity range taken: 15000 15999
  Data set for:KCAB
  Validity range taken: 15000 16905
  Data set for:KDET
  Validity range taken: 15419 15419
  Data set for:KAT0
  Validity range taken: 15000 15999
  Data set for:KATS
  Validity range taken: 15000 16999
  Data set for:KARA
  Validity range taken: 15000 16915
  Data set for:KAYC
  Validity range taken: 15000 15999
  Data set for:KASY
  Validity range taken: 15000 99999
  Data set for:KAGE
  Validity range taken: 15419 15419
  Data set for:KAMA
  Validity range taken: 15419 15419
  Data set for:USER
  Validity range taken: 15000 15999
burst number = 22  -  run 15419  -  period 0  -  burst time 0  -  BadB.Skip = 0  -  magnet current = -540.0  -  dataType = 2
*COmPACT* (Tue Dec  9 23:29:27 2014) - closeCompact: Closing input file
*COmPACT* (Tue Dec  9 23:29:27 2014) - filename /castor/cern.ch/user/r/rmarchev/cmc007/magnet_corr/turbo/15420/kplus/kch_pipiene/kch_pipiene_07_03_2013.cmp1 offset 0
*COmPACT* (Tue Dec  9 23:29:34 2014) - openCompact: Version 7.3 MC Compact file, named /castor/cern.ch/user/r/rmarchev/cmc007/magnet_corr/turbo/15420/kplus/kch_pipiene/kch_pipiene_07_03_2013.cmp1 opened
File on castor:  not OK for xrootd: /castor/cern.ch/user/r/rmarchev/cmc007/magnet_corr/turbo/15420/kplus/kch_pipiene/kch_pipiene_07_03_2013.cmp1
Using file name: root://castorpublic.cern.ch//castor/cern.ch/user/r/rmarchev/cmc007/magnet_corr/turbo/15420/kplus/kch_pipiene/kch_pipiene_07_03_2013.cmp1
 Opened Kabes calibration files: 
 /afs/cern.ch/na48/offline2/compact/compact-7.3/compact/GeomFiles/kabes_cal_mc.dat
  Kabes calibration constant update FOR RUN: 15420
  Number of data set for:
 KABE KACS KAT1 KCAB KDET KAT0 KATS KARA KAYC KASY KAGE KAMA USER
                                   
    1    2    3    2 1316    4    1    2    3    1 1305 1316    3
  Data set for:KABE
  Validity range taken: 15000 99999
  Data set for:KACS
  Validity range taken: 15000 16905
  Data set for:KAT1
  Validity range taken: 15000 15999
  Data set for:KCAB
  Validity range taken: 15000 16905
  Data set for:KDET
  Validity range taken: 15420 15420
  Data set for:KAT0
  Validity range taken: 15000 15999
  Data set for:KATS
  Validity range taken: 15000 16999
  Data set for:KARA
  Validity range taken: 15000 16915
  Data set for:KAYC
  Validity range taken: 15000 15999
  Data set for:KASY
  Validity range taken: 15000 99999
  Data set for:KAGE
  Validity range taken: 15420 15420
  Data set for:KAMA
  Validity range taken: 15420 15420
  Data set for:USER
  Validity range taken: 15000 15999
burst number = 23  -  run 15420  -  period 0  -  burst time 0  -  BadB.Skip = 0  -  magnet current = -540.0  -  dataType = 2
*COmPACT* (Tue Dec  9 23:29:45 2014) - closeCompact: Closing input file
*COmPACT* (Tue Dec  9 23:29:45 2014) - filename /castor/cern.ch/user/r/rmarchev/cmc007/magnet_corr/turbo/15456/kplus/kch_pipiene/kch_pipiene_07_03_2013.cmp1 offset 0
*COmPACT* (Tue Dec  9 23:29:49 2014) - openCompact: Version 7.3 MC Compact file, named /castor/cern.ch/user/r/rmarchev/cmc007/magnet_corr/turbo/15456/kplus/kch_pipiene/kch_pipiene_07_03_2013.cmp1 opened
File on castor:  not OK for xrootd: /castor/cern.ch/user/r/rmarchev/cmc007/magnet_corr/turbo/15456/kplus/kch_pipiene/kch_pipiene_07_03_2013.cmp1
Using file name: root://castorpublic.cern.ch//castor/cern.ch/user/r/rmarchev/cmc007/magnet_corr/turbo/15456/kplus/kch_pipiene/kch_pipiene_07_03_2013.cmp1
 Opened Kabes calibration files: 
 /afs/cern.ch/na48/offline2/compact/compact-7.3/compact/GeomFiles/kabes_cal_mc.dat
  Kabes calibration constant update FOR RUN: 15456
  Number of data set for:
 KABE KACS KAT1 KCAB KDET KAT0 KATS KARA KAYC KASY KAGE KAMA USER
                                   
    1    2    3    2 1316    4    1    2    3    1 1305 1316    3
  Data set for:KABE
  Validity range taken: 15000 99999
  Data set for:KACS
  Validity range taken: 15000 16905
  Data set for:KAT1
  Validity range taken: 15000 15999
  Data set for:KCAB
  Validity range taken: 15000 16905
  Data set for:KDET
  Validity range taken: 15456 15456
  Data set for:KAT0
  Validity range taken: 15000 15999
  Data set for:KATS
  Validity range taken: 15000 16999
  Data set for:KARA
  Validity range taken: 15000 16915
  Data set for:KAYC
  Validity range taken: 15000 15999
  Data set for:KASY
  Validity range taken: 15000 99999
  Data set for:KAGE
  Validity range taken: 15456 15456
  Data set for:KAMA
  Validity range taken: 15456 15456
  Data set for:USER
  Validity range taken: 15000 15999
burst number = 24  -  run 15456  -  period 0  -  burst time 0  -  BadB.Skip = 0  -  magnet current = -540.0  -  dataType = 2
*COmPACT* (Tue Dec  9 23:29:49 2014) - closeCompact: Closing input file
*COmPACT* (Tue Dec  9 23:29:49 2014) - filename /castor/cern.ch/user/r/rmarchev/cmc007/magnet_corr/turbo/15458/kplus/kch_pipiene/kch_pipiene_07_03_2013.cmp1 offset 0
*COmPACT* (Tue Dec  9 23:29:54 2014) - openCompact: Version 7.3 MC Compact file, named /castor/cern.ch/user/r/rmarchev/cmc007/magnet_corr/turbo/15458/kplus/kch_pipiene/kch_pipiene_07_03_2013.cmp1 opened
File on castor:  not OK for xrootd: /castor/cern.ch/user/r/rmarchev/cmc007/magnet_corr/turbo/15458/kplus/kch_pipiene/kch_pipiene_07_03_2013.cmp1
Using file name: root://castorpublic.cern.ch//castor/cern.ch/user/r/rmarchev/cmc007/magnet_corr/turbo/15458/kplus/kch_pipiene/kch_pipiene_07_03_2013.cmp1
 Opened Kabes calibration files: 
 /afs/cern.ch/na48/offline2/compact/compact-7.3/compact/GeomFiles/kabes_cal_mc.dat
  Kabes calibration constant update FOR RUN: 15458
  Number of data set for:
 KABE KACS KAT1 KCAB KDET KAT0 KATS KARA KAYC KASY KAGE KAMA USER
                                   
    1    2    3    2 1316    4    1    2    3    1 1305 1316    3
  Data set for:KABE
  Validity range taken: 15000 99999
  Data set for:KACS
  Validity range taken: 15000 16905
  Data set for:KAT1
  Validity range taken: 15000 15999
  Data set for:KCAB
  Validity range taken: 15000 16905
  Data set for:KDET
  Validity range taken: 15458 15458
  Data set for:KAT0
  Validity range taken: 15000 15999
  Data set for:KATS
  Validity range taken: 15000 16999
  Data set for:KARA
  Validity range taken: 15000 16915
  Data set for:KAYC
  Validity range taken: 15000 15999
  Data set for:KASY
  Validity range taken: 15000 99999
  Data set for:KAGE
  Validity range taken: 15458 15458
  Data set for:KAMA
  Validity range taken: 15458 15458
  Data set for:USER
  Validity range taken: 15000 15999
burst number = 25  -  run 15458  -  period 0  -  burst time 0  -  BadB.Skip = 0  -  magnet current = -540.0  -  dataType = 2
*COmPACT* (Tue Dec  9 23:30:01 2014) - closeCompact: Closing input file
*COmPACT* (Tue Dec  9 23:30:07 2014) - ************ COmPACT finished ************
*COmPACT* (Tue Dec  9 23:30:07 2014) - Total number of  bursts read :       25
*COmPACT* (Tue Dec  9 23:30:07 2014) - Total number of  events read :   949864
*COmPACT* (Tue Dec  9 23:30:07 2014) -   Number of CMP  events read :        0
*COmPACT* (Tue Dec  9 23:30:07 2014) -   Number of KE3  events read :        0
*COmPACT* (Tue Dec  9 23:30:07 2014) -   Number of KMU3 events read :        0
*COmPACT* (Tue Dec  9 23:30:07 2014) -   Number of MC   events read :   949864
*COmPACT* (Tue Dec  9 23:30:07 2014) -   Number of SCMP events read :        0
*COmPACT* (Tue Dec  9 23:30:07 2014) -   Number of SMC  events read :        0
*COmPACT* (Tue Dec  9 23:30:07 2014) -   Number of HCMP events read :        0
*COmPACT* (Tue Dec  9 23:30:07 2014) - ******************************************
