Sender: LSF System <lsfadmin@b65c4c34f1.cern.ch>
Subject: Job 600389140: <scompact.job /afs/cern.ch/user/r/rmarchev/compact/reader/kplus_pipie2 kplus_pipie2> in cluster batch Done

Job <scompact.job /afs/cern.ch/user/r/rmarchev/compact/reader/kplus_pipie2 kplus_pipie2> was submitted from host <lxplus0051.cern.ch> by user <rmarchev> in cluster <batch>.
Job was executed on host(s) <b65c4c34f1.cern.ch>, in queue <2nd>, as user <rmarchev> in cluster <batch>.
</afs/cern.ch/user/r/rmarchev> was used as the home directory.
</afs/cern.ch/user/r/rmarchev/compact/reader/kplus_pipie2> was used as the working directory.
Started at Tue Dec  9 23:13:29 2014
Results reported at Tue Dec  9 23:30:10 2014

Your job looked like:

------------------------------------------------------------
# LSBATCH: User input
scompact.job /afs/cern.ch/user/r/rmarchev/compact/reader/kplus_pipie2 kplus_pipie2
------------------------------------------------------------

Successfully completed.

Resource usage summary:

    CPU time   :    728.25 sec.
    Max Memory :       397 MB
    Max Swap   :      1012 MB

    Max Processes  :         6
    Max Threads    :        24

The output (if any) follows:

@(#)CERN job starter $Date: 2010/06/23 14:22:16 $
Working directory is </pool/lsf/rmarchev/600389140> on <>


Job finished at Tue Dec  9 23:30:07 CET 2014 on node 
 under linux version Scientific Linux CERN SLC release 6.6 (Carbon)

CERN statistics: This process used approximately : 0:21:01 KSI2K hours (1261 KSI2K seconds)
                 This process corresponds to     : 1:22:00 HS06  hours (4920 HS06  seconds)
