Sender: LSF System <lsfadmin@b60895c26a.cern.ch>
Subject: Job 600389157: <scompact.job /afs/cern.ch/user/r/rmarchev/compact/reader/kplus_pipie10 kplus_pipie10> in cluster batch Done

Job <scompact.job /afs/cern.ch/user/r/rmarchev/compact/reader/kplus_pipie10 kplus_pipie10> was submitted from host <lxplus0051.cern.ch> by user <rmarchev> in cluster <batch>.
Job was executed on host(s) <b60895c26a.cern.ch>, in queue <2nd>, as user <rmarchev> in cluster <batch>.
</afs/cern.ch/user/r/rmarchev> was used as the home directory.
</afs/cern.ch/user/r/rmarchev/compact/reader/kplus_pipie10> was used as the working directory.
Started at Tue Dec  9 23:17:17 2014
Results reported at Tue Dec  9 23:43:45 2014

Your job looked like:

------------------------------------------------------------
# LSBATCH: User input
scompact.job /afs/cern.ch/user/r/rmarchev/compact/reader/kplus_pipie10 kplus_pipie10
------------------------------------------------------------

Successfully completed.

Resource usage summary:

    CPU time   :   1287.43 sec.
    Max Memory :       436 MB
    Max Swap   :      1050 MB

    Max Processes  :         6
    Max Threads    :        21

The output (if any) follows:

@(#)CERN job starter $Date: 2010/06/23 14:22:16 $
Working directory is </pool/lsf/rmarchev/600389157> on <>


Job finished at Tue Dec  9 23:43:43 CET 2014 on node 
 under linux version Scientific Linux CERN SLC release 6.6 (Carbon)

CERN statistics: This process used approximately : 0:33:11 KSI2K hours (1991 KSI2K seconds)
                 This process corresponds to     : 2:09:26 HS06  hours (7766 HS06  seconds)
