Sender: LSF System <lsfadmin@b65599037c.cern.ch>
Subject: Job 591453036: <pass5_4> in cluster batch Done

Job <pass5_4> was submitted from host <lxplus0155.cern.ch> by user <rmarchev> in cluster <batch>.
Job was executed on host(s) <b65599037c.cern.ch>, in queue <2nd>, as user <rmarchev> in cluster <batch>.
</afs/cern.ch/user/r/rmarchev> was used as the home directory.
</afs/cern.ch/user/r/rmarchev/compact/reader> was used as the working directory.
Started at Sat Nov 15 12:15:37 2014
Results reported at Sat Nov 15 12:17:03 2014

Your job looked like:

------------------------------------------------------------
# LSBATCH: User input
source /afs/cern.ch/user/r/rmarchev/compact/reader/exrun_v1.sh 4 v1 -1 try

------------------------------------------------------------

Successfully completed.

Resource usage summary:

    CPU time   :     27.84 sec.
    Max Memory :       259 MB
    Max Swap   :       830 MB

    Max Processes  :         6
    Max Threads    :        11

The output (if any) follows:

@(#)CERN job starter $Date: 2010/06/23 14:22:16 $
Working directory is </pool/lsf/rmarchev/591453036> on <>

=======> Set Root Histogramfilename to try_v1_run_4.root
File on castor:  not OK for xrootd: /castor/cern.ch/user/n/na48cali/public/na48prod/2003/repro/SC/pass5/goldcmp22_2003_06_15_09_31_29.scmp
Using file name: root://castorpublic.cern.ch//castor/cern.ch/user/n/na48cali/public/na48prod/2003/repro/SC/pass5/goldcmp22_2003_06_15_09_31_29.scmp
File written with SQL db version 2 (upd. 1102256905)
 File for blue tube mag. field opened sucessfully
  COEFMS FOR CH 2 TO CH4   1.00635886  1.10587746E-06  0.000985967577
  COEFMS FROM KEVLAR WINDOW TO CH1  0.00330900401  3.38685766E-07
  3.31794108E-05
### saving histograms to file try_v1_run_4.root
File /afs/cern.ch/na48/offline2/compact/compact-7.3/compact/GeomFiles/rdgeom2003.data for the NA48 geometry open successfully 
 Opened Kabes calibration files: 
 /afs/cern.ch/na48/offline2/compact/compact-7.3/compact/GeomFiles/kabes_cal.dat
  Kabes calibration constant update FOR RUN: 15303
  Number of data set for:
 KABE KACS KAT1 KCAB KDET KAT0 KATS KARA KAYC KASY KAGE KAMA USER
                                   
    1    2    3    2  595    4    3    3    3    1  595  595    3
  Data set for:KABE
  Validity range taken: 15000 99999
  Data set for:KACS
  Validity range taken: 15000 16905
  Data set for:KAT1
  Validity range taken: 15000 15999
  Data set for:KCAB
  Validity range taken: 15000 16905
  Data set for:KDET
  Validity range taken: 15000 15545
  Data set for:KAT0
  Validity range taken: 15000 15999
  Data set for:KATS
  Validity range taken: 15000 15999
  Data set for:KARA
  Validity range taken: 15000 15999
  Data set for:KAYC
  Validity range taken: 15000 15999
  Data set for:KASY
  Validity range taken: 15000 99999
  Data set for:KAGE
  Validity range taken: 15000 15545
  Data set for:KAMA
  Validity range taken: 15000 15545
  Data set for:USER
  Validity range taken: 15000 15999
burst number = 1  -  run 15303  -  period 0  -  burst time 1055662289  -  BadB.Skip = 1  -  magnet current = -99999.0  -  dataType = 1
burst number = 2  -  run 15303  -  period 0  -  burst time 1055662306  -  BadB.Skip = 1  -  magnet current = -99999.0  -  dataType = 1
burst number = 3  -  run 15303  -  period 0  -  burst time 1055662323  -  BadB.Skip = 1  -  magnet current = -99999.0  -  dataType = 1
burst number = 4  -  run 15303  -  period 0  -  burst time 1055662340  -  BadB.Skip = 1  -  magnet current = -99999.0  -  dataType = 1
burst number = 5  -  run 15303  -  period 0  -  burst time 1055662357  -  BadB.Skip = 1  -  magnet current = -99999.0  -  dataType = 1
burst number = 6  -  run 15303  -  period 0  -  burst time 1055662373  -  BadB.Skip = 1  -  magnet current = -99999.0  -  dataType = 1
burst number = 7  -  run 15303  -  period 0  -  burst time 1055662390  -  BadB.Skip = 1  -  magnet current = -99999.0  -  dataType = 1
burst number = 8  -  run 15303  -  period 0  -  burst time 1055662407  -  BadB.Skip = 1  -  magnet current = -99999.0  -  dataType = 1
burst number = 9  -  run 15303  -  period 0  -  burst time 1055662424  -  BadB.Skip = 1  -  magnet current = -99999.0  -  dataType = 1
burst number = 10  -  run 15303  -  period 0  -  burst time 1055662441  -  BadB.Skip = 1  -  magnet current = -99999.0  -  dataType = 1
burst number = 11  -  run 15303  -  period 0  -  burst time 1055662457  -  BadB.Skip = 1  -  magnet current = -99999.0  -  dataType = 1
burst number = 12  -  run 15303  -  period 0  -  burst time 1055662474  -  BadB.Skip = 1  -  magnet current = -99999.0  -  dataType = 1
burst number = 13  -  run 15303  -  period 0  -  burst time 1055662491  -  BadB.Skip = 1  -  magnet current = -99999.0  -  dataType = 1
burst number = 14  -  run 15303  -  period 0  -  burst time 1055662508  -  BadB.Skip = 1  -  magnet current = -99999.0  -  dataType = 1
burst number = 15  -  run 15303  -  period 0  -  burst time 1055662525  -  BadB.Skip = 1  -  magnet current = -99999.0  -  dataType = 1
burst number = 16  -  run 15303  -  period 0  -  burst time 1055662541  -  BadB.Skip = 1  -  magnet current = -99999.0  -  dataType = 1
burst number = 17  -  run 15303  -  period 0  -  burst time 1055662558  -  BadB.Skip = 1  -  magnet current = -99999.0  -  dataType = 1
burst number = 18  -  run 15303  -  period 0  -  burst time 1055662575  -  BadB.Skip = 1  -  magnet current = -99999.0  -  dataType = 1
burst number = 19  -  run 15303  -  period 0  -  burst time 1055662592  -  BadB.Skip = 1  -  magnet current = -99999.0  -  dataType = 1
burst number = 20  -  run 15303  -  period 0  -  burst time 1055662659  -  BadB.Skip = 1  -  magnet current = -99999.0  -  dataType = 1
burst number = 21  -  run 15303  -  period 0  -  burst time 1055662676  -  BadB.Skip = 1  -  magnet current = -99999.0  -  dataType = 1
burst number = 22  -  run 15303  -  period 0  -  burst time 1055662693  -  BadB.Skip = 1  -  magnet current = -99999.0  -  dataType = 1
burst number = 23  -  run 15303  -  period 0  -  burst time 1055662709  -  BadB.Skip = 1  -  magnet current = -99999.0  -  dataType = 1
burst number = 24  -  run 15303  -  period 0  -  burst time 1055662726  -  BadB.Skip = 1  -  magnet current = -99999.0  -  dataType = 1
burst number = 25  -  run 15303  -  period 0  -  burst time 1055662743  -  BadB.Skip = 1  -  magnet current = -99999.0  -  dataType = 1
burst number = 26  -  run 15303  -  period 0  -  burst time 1055662760  -  BadB.Skip = 1  -  magnet current = -99999.0  -  dataType = 1
burst number = 27  -  run 15303  -  period 0  -  burst time 1055662777  -  BadB.Skip = 1  -  magnet current = -99999.0  -  dataType = 1
burst number = 28  -  run 15303  -  period 0  -  burst time 1055662793  -  BadB.Skip = 1  -  magnet current = -99999.0  -  dataType = 1
burst number = 29  -  run 15303  -  period 0  -  burst time 1055662810  -  BadB.Skip = 1  -  magnet current = -99999.0  -  dataType = 1
burst number = 30  -  run 15303  -  period 0  -  burst time 1055662827  -  BadB.Skip = 1  -  magnet current = -99999.0  -  dataType = 1
File on castor:  not OK for xrootd: /castor/cern.ch/user/n/na48cali/public/na48prod/2003/repro/SC/pass5/goldcmp22_2003_06_15_09_40_44.scmp
Using file name: root://castorpublic.cern.ch//castor/cern.ch/user/n/na48cali/public/na48prod/2003/repro/SC/pass5/goldcmp22_2003_06_15_09_40_44.scmp
burst number = 31  -  run 15303  -  period 0  -  burst time 1055662844  -  BadB.Skip = 1  -  magnet current = -99999.0  -  dataType = 1
burst number = 32  -  run 15303  -  period 0  -  burst time 1055662861  -  BadB.Skip = 1  -  magnet current = -99999.0  -  dataType = 1
burst number = 33  -  run 15303  -  period 0  -  burst time 1055662877  -  BadB.Skip = 1  -  magnet current = -99999.0  -  dataType = 1
burst number = 34  -  run 15303  -  period 0  -  burst time 1055662894  -  BadB.Skip = 1  -  magnet current = -99999.0  -  dataType = 1
burst number = 35  -  run 15303  -  period 0  -  burst time 1055662911  -  BadB.Skip = 1  -  magnet current = -99999.0  -  dataType = 1
burst number = 36  -  run 15303  -  period 0  -  burst time 1055662928  -  BadB.Skip = 1  -  magnet current = -99999.0  -  dataType = 1
burst number = 37  -  run 15303  -  period 0  -  burst time 1055663398  -  BadB.Skip = 1  -  magnet current = -99999.0  -  dataType = 1
burst number = 38  -  run 15303  -  period 0  -  burst time 1055663415  -  BadB.Skip = 1  -  magnet current = -99999.0  -  dataType = 1
burst number = 39  -  run 15303  -  period 0  -  burst time 1055663432  -  BadB.Skip = 1  -  magnet current = -99999.0  -  dataType = 1
burst number = 40  -  run 15303  -  period 0  -  burst time 1055663449  -  BadB.Skip = 1  -  magnet current = -99999.0  -  dataType = 1
burst number = 41  -  run 15303  -  period 0  -  burst time 1055663465  -  BadB.Skip = 1  -  magnet current = -99999.0  -  dataType = 1
burst number = 42  -  run 15303  -  period 0  -  burst time 1055663482  -  BadB.Skip = 1  -  magnet current = -99999.0  -  dataType = 1
burst number = 43  -  run 15303  -  period 0  -  burst time 1055663499  -  BadB.Skip = 1  -  magnet current = -99999.0  -  dataType = 1
burst number = 44  -  run 15303  -  period 0  -  burst time 1055663516  -  BadB.Skip = 1  -  magnet current = -99999.0  -  dataType = 1
burst number = 45  -  run 15303  -  period 0  -  burst time 1055663533  -  BadB.Skip = 1  -  magnet current = -99999.0  -  dataType = 1
burst number = 46  -  run 15303  -  period 0  -  burst time 1055663549  -  BadB.Skip = 1  -  magnet current = -99999.0  -  dataType = 1
burst number = 47  -  run 15303  -  period 0  -  burst time 1055663566  -  BadB.Skip = 1  -  magnet current = -99999.0  -  dataType = 1
burst number = 48  -  run 15303  -  period 0  -  burst time 1055663583  -  BadB.Skip = 1  -  magnet current = -99999.0  -  dataType = 1
burst number = 49  -  run 15303  -  period 0  -  burst time 1055663600  -  BadB.Skip = 1  -  magnet current = -99999.0  -  dataType = 1
burst number = 50  -  run 15303  -  period 0  -  burst time 1055663617  -  BadB.Skip = 1  -  magnet current = -99999.0  -  dataType = 1
burst number = 51  -  run 15303  -  period 0  -  burst time 1055663633  -  BadB.Skip = 1  -  magnet current = -99999.0  -  dataType = 1
burst number = 52  -  run 15303  -  period 0  -  burst time 1055663650  -  BadB.Skip = 1  -  magnet current = -99999.0  -  dataType = 1
burst number = 53  -  run 15303  -  period 0  -  burst time 1055663667  -  BadB.Skip = 1  -  magnet current = -99999.0  -  dataType = 1
burst number = 54  -  run 15303  -  period 0  -  burst time 1055663684  -  BadB.Skip = 1  -  magnet current = -99999.0  -  dataType = 1
burst number = 55  -  run 15303  -  period 0  -  burst time 1055663701  -  BadB.Skip = 1  -  magnet current = -99999.0  -  dataType = 1
burst number = 56  -  run 15303  -  period 0  -  burst time 1055663717  -  BadB.Skip = 1  -  magnet current = -99999.0  -  dataType = 1
burst number = 57  -  run 15303  -  period 0  -  burst time 1055663734  -  BadB.Skip = 1  -  magnet current = -99999.0  -  dataType = 1
burst number = 58  -  run 15303  -  period 0  -  burst time 1055663751  -  BadB.Skip = 1  -  magnet current = -99999.0  -  dataType = 1
burst number = 59  -  run 15303  -  period 0  -  burst time 1055663768  -  BadB.Skip = 1  -  magnet current = -99999.0  -  dataType = 1
burst number = 60  -  run 15303  -  period 0  -  burst time 1055663785  -  BadB.Skip = 1  -  magnet current = -99999.0  -  dataType = 1

Job finished at Sat Nov 15 12:17:00 CET 2014 on node 
 under linux version Scientific Linux CERN SLC release 6.6 (Carbon)

CERN statistics: This process used approximately : 0:00:46 KSI2K hours (46 KSI2K seconds)
                 This process corresponds to     : 0:03:00 HS06  hours (180 HS06  seconds)


PS:

Read file </afs/cern.ch/user/r/rmarchev/compact/reader/tmp/logs/pass5/try_v1/try_v1_run_4.err> for stderr output of this job.

