Sender: LSF System <lsfadmin@b658ec9487.cern.ch>
Subject: Job 591453029: <pass5_1> in cluster batch Done

Job <pass5_1> was submitted from host <lxplus0155.cern.ch> by user <rmarchev> in cluster <batch>.
Job was executed on host(s) <b658ec9487.cern.ch>, in queue <2nd>, as user <rmarchev> in cluster <batch>.
</afs/cern.ch/user/r/rmarchev> was used as the home directory.
</afs/cern.ch/user/r/rmarchev/compact/reader> was used as the working directory.
Started at Sat Nov 15 12:15:37 2014
Results reported at Sat Nov 15 12:18:42 2014

Your job looked like:

------------------------------------------------------------
# LSBATCH: User input
source /afs/cern.ch/user/r/rmarchev/compact/reader/exrun_v1.sh 1 v1 -1 try

------------------------------------------------------------

Successfully completed.

Resource usage summary:

    CPU time   :     13.68 sec.
    Max Memory :       242 MB
    Max Swap   :       865 MB

    Max Processes  :         6
    Max Threads    :         9

The output (if any) follows:

@(#)CERN job starter $Date: 2010/06/23 14:22:16 $
Working directory is </pool/lsf/rmarchev/591453029> on <>

=======> Set Root Histogramfilename to try_v1_run_1.root
File on castor:  not OK for xrootd: /castor/cern.ch/user/n/na48cali/public/na48prod/2003/repro/SC/pass5/goldcmp22_2003_06_15_06_30_37.scmp
Using file name: root://castorpublic.cern.ch//castor/cern.ch/user/n/na48cali/public/na48prod/2003/repro/SC/pass5/goldcmp22_2003_06_15_06_30_37.scmp
File on castor:  not OK for xrootd: /castor/cern.ch/user/n/na48cali/public/na48prod/2003/repro/SC/pass5/goldcmp22_2003_06_15_06_30_37.scmp
Using file name: root://castorpublic.cern.ch//castor/cern.ch/user/n/na48cali/public/na48prod/2003/repro/SC/pass5/goldcmp22_2003_06_15_06_30_37.scmp
File on castor:  not OK for xrootd: /castor/cern.ch/user/n/na48cali/public/na48prod/2003/repro/SC/pass5/goldcmp22_2003_06_15_06_30_37.scmp
Using file name: root://castorpublic.cern.ch//castor/cern.ch/user/n/na48cali/public/na48prod/2003/repro/SC/pass5/goldcmp22_2003_06_15_06_30_37.scmp
File on castor:  not OK for xrootd: /castor/cern.ch/user/n/na48cali/public/na48prod/2003/repro/SC/pass5/goldcmp22_2003_06_15_06_30_37.scmp
Using file name: root://castorpublic.cern.ch//castor/cern.ch/user/n/na48cali/public/na48prod/2003/repro/SC/pass5/goldcmp22_2003_06_15_06_30_37.scmp
 File for blue tube mag. field opened sucessfully
  COEFMS FOR CH 2 TO CH4   1.00635886  1.10587746E-06  0.000985967577
  COEFMS FROM KEVLAR WINDOW TO CH1  0.00330900401  3.38685766E-07
  3.31794108E-05
### saving histograms to file try_v1_run_1.root
File on castor:  not OK for xrootd: /castor/cern.ch/user/n/na48cali/public/na48prod/2003/repro/SC/pass5/goldcmp22_2003_06_15_06_48_15.scmp
Using file name: root://castorpublic.cern.ch//castor/cern.ch/user/n/na48cali/public/na48prod/2003/repro/SC/pass5/goldcmp22_2003_06_15_06_48_15.scmp
File on castor:  not OK for xrootd: /castor/cern.ch/user/n/na48cali/public/na48prod/2003/repro/SC/pass5/goldcmp22_2003_06_15_06_48_15.scmp
Using file name: root://castorpublic.cern.ch//castor/cern.ch/user/n/na48cali/public/na48prod/2003/repro/SC/pass5/goldcmp22_2003_06_15_06_48_15.scmp
File on castor:  not OK for xrootd: /castor/cern.ch/user/n/na48cali/public/na48prod/2003/repro/SC/pass5/goldcmp22_2003_06_15_06_48_15.scmp
Using file name: root://castorpublic.cern.ch//castor/cern.ch/user/n/na48cali/public/na48prod/2003/repro/SC/pass5/goldcmp22_2003_06_15_06_48_15.scmp
File on castor:  not OK for xrootd: /castor/cern.ch/user/n/na48cali/public/na48prod/2003/repro/SC/pass5/goldcmp22_2003_06_15_06_48_15.scmp
Using file name: root://castorpublic.cern.ch//castor/cern.ch/user/n/na48cali/public/na48prod/2003/repro/SC/pass5/goldcmp22_2003_06_15_06_48_15.scmp
File /afs/cern.ch/na48/offline2/compact/compact-7.3/compact/GeomFiles/rdgeom2003.data for the NA48 geometry open successfully 
 Opened Kabes calibration files: 
 /afs/cern.ch/na48/offline2/compact/compact-7.3/compact/GeomFiles/kabes_cal.dat
  Kabes calibration constant update FOR RUN: 15302
  Number of data set for:
 KABE KACS KAT1 KCAB KDET KAT0 KATS KARA KAYC KASY KAGE KAMA USER
                                   
    1    2    3    2  595    4    3    3    3    1  595  595    3
  Data set for:KABE
  Validity range taken: 15000 99999
  Data set for:KACS
  Validity range taken: 15000 16905
  Data set for:KAT1
  Validity range taken: 15000 15999
  Data set for:KCAB
  Validity range taken: 15000 16905
  Data set for:KDET
  Validity range taken: 15000 15545
  Data set for:KAT0
  Validity range taken: 15000 15999
  Data set for:KATS
  Validity range taken: 15000 15999
  Data set for:KARA
  Validity range taken: 15000 15999
  Data set for:KAYC
  Validity range taken: 15000 15999
  Data set for:KASY
  Validity range taken: 15000 99999
  Data set for:KAGE
  Validity range taken: 15000 15545
  Data set for:KAMA
  Validity range taken: 15000 15545
  Data set for:USER
  Validity range taken: 15000 15999
burst number = 1  -  run 15302  -  period 0  -  burst time 1055652495  -  BadB.Skip = 1  -  magnet current = -99999.0  -  dataType = 1
burst number = 2  -  run 15302  -  period 0  -  burst time 1055652512  -  BadB.Skip = 1  -  magnet current = -99999.0  -  dataType = 1
burst number = 3  -  run 15302  -  period 0  -  burst time 1055652529  -  BadB.Skip = 1  -  magnet current = -99999.0  -  dataType = 1
burst number = 4  -  run 15302  -  period 0  -  burst time 1055652545  -  BadB.Skip = 1  -  magnet current = -99999.0  -  dataType = 1
burst number = 5  -  run 15302  -  period 0  -  burst time 1055652562  -  BadB.Skip = 1  -  magnet current = -99999.0  -  dataType = 1
burst number = 6  -  run 15302  -  period 0  -  burst time 1055652579  -  BadB.Skip = 1  -  magnet current = -99999.0  -  dataType = 1
burst number = 7  -  run 15302  -  period 0  -  burst time 1055652596  -  BadB.Skip = 1  -  magnet current = -99999.0  -  dataType = 1
burst number = 8  -  run 15302  -  period 0  -  burst time 1055652613  -  BadB.Skip = 1  -  magnet current = -99999.0  -  dataType = 1
burst number = 9  -  run 15302  -  period 0  -  burst time 1055652629  -  BadB.Skip = 1  -  magnet current = -99999.0  -  dataType = 1
burst number = 10  -  run 15302  -  period 0  -  burst time 1055656829  -  BadB.Skip = 1  -  magnet current = -99999.0  -  dataType = 1
burst number = 11  -  run 15302  -  period 0  -  burst time 1055656846  -  BadB.Skip = 1  -  magnet current = -99999.0  -  dataType = 1
burst number = 12  -  run 15302  -  period 0  -  burst time 1055656863  -  BadB.Skip = 1  -  magnet current = -99999.0  -  dataType = 1
burst number = 13  -  run 15302  -  period 0  -  burst time 1055656880  -  BadB.Skip = 1  -  magnet current = -99999.0  -  dataType = 1
burst number = 14  -  run 15302  -  period 0  -  burst time 1055656897  -  BadB.Skip = 1  -  magnet current = -99999.0  -  dataType = 1
burst number = 15  -  run 15302  -  period 0  -  burst time 1055656913  -  BadB.Skip = 1  -  magnet current = -99999.0  -  dataType = 1
burst number = 16  -  run 15302  -  period 0  -  burst time 1055656930  -  BadB.Skip = 1  -  magnet current = -99999.0  -  dataType = 1
burst number = 17  -  run 15302  -  period 0  -  burst time 1055656947  -  BadB.Skip = 1  -  magnet current = -99999.0  -  dataType = 1
burst number = 18  -  run 15302  -  period 0  -  burst time 1055656964  -  BadB.Skip = 1  -  magnet current = -99999.0  -  dataType = 1
burst number = 19  -  run 15302  -  period 0  -  burst time 1055656981  -  BadB.Skip = 1  -  magnet current = -99999.0  -  dataType = 1
burst number = 20  -  run 15302  -  period 0  -  burst time 1055656997  -  BadB.Skip = 1  -  magnet current = -99999.0  -  dataType = 1
burst number = 21  -  run 15302  -  period 0  -  burst time 1055657014  -  BadB.Skip = 1  -  magnet current = -99999.0  -  dataType = 1
burst number = 22  -  run 15302  -  period 0  -  burst time 1055657031  -  BadB.Skip = 1  -  magnet current = -99999.0  -  dataType = 1
burst number = 23  -  run 15302  -  period 0  -  burst time 1055657048  -  BadB.Skip = 1  -  magnet current = -99999.0  -  dataType = 1
burst number = 24  -  run 15302  -  period 0  -  burst time 1055657065  -  BadB.Skip = 1  -  magnet current = -99999.0  -  dataType = 1
burst number = 25  -  run 15302  -  period 0  -  burst time 1055657081  -  BadB.Skip = 1  -  magnet current = -99999.0  -  dataType = 1
burst number = 26  -  run 15302  -  period 0  -  burst time 1055657098  -  BadB.Skip = 1  -  magnet current = -99999.0  -  dataType = 1
burst number = 27  -  run 15302  -  period 0  -  burst time 1055657115  -  BadB.Skip = 1  -  magnet current = -99999.0  -  dataType = 1
burst number = 28  -  run 15302  -  period 0  -  burst time 1055657132  -  BadB.Skip = 1  -  magnet current = -99999.0  -  dataType = 1
burst number = 29  -  run 15302  -  period 0  -  burst time 1055657149  -  BadB.Skip = 1  -  magnet current = -99999.0  -  dataType = 1
burst number = 30  -  run 15302  -  period 0  -  burst time 1055657165  -  BadB.Skip = 1  -  magnet current = -99999.0  -  dataType = 1

Job finished at Sat Nov 15 12:18:39 CET 2014 on node 
 under linux version Scientific Linux CERN SLC release 6.6 (Carbon)

CERN statistics: This process used approximately : 0:00:20 KSI2K hours (20 KSI2K seconds)
                 This process corresponds to     : 0:01:19 HS06  hours (79 HS06  seconds)


PS:

Read file </afs/cern.ch/user/r/rmarchev/compact/reader/tmp/logs/pass5/try_v1/try_v1_run_1.err> for stderr output of this job.

