Sender: LSF System <lsfadmin@b6c7e82196.cern.ch>
Subject: Job 591453031: <pass5_2> in cluster batch Done

Job <pass5_2> was submitted from host <lxplus0155.cern.ch> by user <rmarchev> in cluster <batch>.
Job was executed on host(s) <b6c7e82196.cern.ch>, in queue <2nd>, as user <rmarchev> in cluster <batch>.
</afs/cern.ch/user/r/rmarchev> was used as the home directory.
</afs/cern.ch/user/r/rmarchev/compact/reader> was used as the working directory.
Started at Sat Nov 15 12:15:37 2014
Results reported at Sat Nov 15 12:18:49 2014

Your job looked like:

------------------------------------------------------------
# LSBATCH: User input
source /afs/cern.ch/user/r/rmarchev/compact/reader/exrun_v1.sh 2 v1 -1 try

------------------------------------------------------------

Successfully completed.

Resource usage summary:

    CPU time   :     14.38 sec.
    Max Memory :       250 MB
    Max Swap   :       867 MB

    Max Processes  :         6
    Max Threads    :         8

The output (if any) follows:

@(#)CERN job starter $Date: 2010/06/23 14:22:16 $
Working directory is </pool/lsf/rmarchev/591453031> on <>

=======> Set Root Histogramfilename to try_v1_run_2.root
File on castor:  not OK for xrootd: /castor/cern.ch/user/n/na48cali/public/na48prod/2003/repro/SC/pass5/goldcmp22_2003_06_15_08_06_22.scmp
Using file name: root://castorpublic.cern.ch//castor/cern.ch/user/n/na48cali/public/na48prod/2003/repro/SC/pass5/goldcmp22_2003_06_15_08_06_22.scmp
File on castor:  not OK for xrootd: /castor/cern.ch/user/n/na48cali/public/na48prod/2003/repro/SC/pass5/goldcmp22_2003_06_15_08_06_22.scmp
Using file name: root://castorpublic.cern.ch//castor/cern.ch/user/n/na48cali/public/na48prod/2003/repro/SC/pass5/goldcmp22_2003_06_15_08_06_22.scmp
File on castor:  not OK for xrootd: /castor/cern.ch/user/n/na48cali/public/na48prod/2003/repro/SC/pass5/goldcmp22_2003_06_15_08_06_22.scmp
Using file name: root://castorpublic.cern.ch//castor/cern.ch/user/n/na48cali/public/na48prod/2003/repro/SC/pass5/goldcmp22_2003_06_15_08_06_22.scmp
File on castor:  not OK for xrootd: /castor/cern.ch/user/n/na48cali/public/na48prod/2003/repro/SC/pass5/goldcmp22_2003_06_15_08_06_22.scmp
Using file name: root://castorpublic.cern.ch//castor/cern.ch/user/n/na48cali/public/na48prod/2003/repro/SC/pass5/goldcmp22_2003_06_15_08_06_22.scmp
 File for blue tube mag. field opened sucessfully
  COEFMS FOR CH 2 TO CH4   1.00635886  1.10587746E-06  0.000985967577
  COEFMS FROM KEVLAR WINDOW TO CH1  0.00330900401  3.38685766E-07
  3.31794108E-05
### saving histograms to file try_v1_run_2.root
File on castor:  not OK for xrootd: /castor/cern.ch/user/n/na48cali/public/na48prod/2003/repro/SC/pass5/goldcmp22_2003_06_15_09_05_27.scmp
Using file name: root://castorpublic.cern.ch//castor/cern.ch/user/n/na48cali/public/na48prod/2003/repro/SC/pass5/goldcmp22_2003_06_15_09_05_27.scmp
File on castor:  not OK for xrootd: /castor/cern.ch/user/n/na48cali/public/na48prod/2003/repro/SC/pass5/goldcmp22_2003_06_15_09_05_27.scmp
Using file name: root://castorpublic.cern.ch//castor/cern.ch/user/n/na48cali/public/na48prod/2003/repro/SC/pass5/goldcmp22_2003_06_15_09_05_27.scmp
File on castor:  not OK for xrootd: /castor/cern.ch/user/n/na48cali/public/na48prod/2003/repro/SC/pass5/goldcmp22_2003_06_15_09_05_27.scmp
Using file name: root://castorpublic.cern.ch//castor/cern.ch/user/n/na48cali/public/na48prod/2003/repro/SC/pass5/goldcmp22_2003_06_15_09_05_27.scmp
File on castor:  not OK for xrootd: /castor/cern.ch/user/n/na48cali/public/na48prod/2003/repro/SC/pass5/goldcmp22_2003_06_15_09_05_27.scmp
Using file name: root://castorpublic.cern.ch//castor/cern.ch/user/n/na48cali/public/na48prod/2003/repro/SC/pass5/goldcmp22_2003_06_15_09_05_27.scmp
File /afs/cern.ch/na48/offline2/compact/compact-7.3/compact/GeomFiles/rdgeom2003.data for the NA48 geometry open successfully 
 Opened Kabes calibration files: 
 /afs/cern.ch/na48/offline2/compact/compact-7.3/compact/GeomFiles/kabes_cal.dat
  Kabes calibration constant update FOR RUN: 15303
  Number of data set for:
 KABE KACS KAT1 KCAB KDET KAT0 KATS KARA KAYC KASY KAGE KAMA USER
                                   
    1    2    3    2  595    4    3    3    3    1  595  595    3
  Data set for:KABE
  Validity range taken: 15000 99999
  Data set for:KACS
  Validity range taken: 15000 16905
  Data set for:KAT1
  Validity range taken: 15000 15999
  Data set for:KCAB
  Validity range taken: 15000 16905
  Data set for:KDET
  Validity range taken: 15000 15545
  Data set for:KAT0
  Validity range taken: 15000 15999
  Data set for:KATS
  Validity range taken: 15000 15999
  Data set for:KARA
  Validity range taken: 15000 15999
  Data set for:KAYC
  Validity range taken: 15000 15999
  Data set for:KASY
  Validity range taken: 15000 99999
  Data set for:KAGE
  Validity range taken: 15000 15545
  Data set for:KAMA
  Validity range taken: 15000 15545
  Data set for:USER
  Validity range taken: 15000 15999
burst number = 1  -  run 15303  -  period 0  -  burst time 1055660727  -  BadB.Skip = 1  -  magnet current = -99999.0  -  dataType = 1
burst number = 2  -  run 15303  -  period 0  -  burst time 1055660744  -  BadB.Skip = 1  -  magnet current = -99999.0  -  dataType = 1
burst number = 3  -  run 15303  -  period 0  -  burst time 1055660761  -  BadB.Skip = 1  -  magnet current = -99999.0  -  dataType = 1
burst number = 4  -  run 15303  -  period 0  -  burst time 1055660777  -  BadB.Skip = 1  -  magnet current = -99999.0  -  dataType = 1
burst number = 5  -  run 15303  -  period 0  -  burst time 1055660794  -  BadB.Skip = 1  -  magnet current = -99999.0  -  dataType = 1
burst number = 6  -  run 15303  -  period 0  -  burst time 1055660811  -  BadB.Skip = 1  -  magnet current = -99999.0  -  dataType = 1
burst number = 7  -  run 15303  -  period 0  -  burst time 1055660828  -  BadB.Skip = 1  -  magnet current = -99999.0  -  dataType = 1
burst number = 8  -  run 15303  -  period 0  -  burst time 1055660845  -  BadB.Skip = 1  -  magnet current = -99999.0  -  dataType = 1
burst number = 9  -  run 15303  -  period 0  -  burst time 1055660861  -  BadB.Skip = 1  -  magnet current = -99999.0  -  dataType = 1
burst number = 10  -  run 15303  -  period 0  -  burst time 1055660878  -  BadB.Skip = 1  -  magnet current = -99999.0  -  dataType = 1
burst number = 11  -  run 15303  -  period 0  -  burst time 1055660895  -  BadB.Skip = 1  -  magnet current = -99999.0  -  dataType = 1
burst number = 12  -  run 15303  -  period 0  -  burst time 1055660912  -  BadB.Skip = 1  -  magnet current = -99999.0  -  dataType = 1
burst number = 13  -  run 15303  -  period 0  -  burst time 1055660929  -  BadB.Skip = 1  -  magnet current = -99999.0  -  dataType = 1
burst number = 14  -  run 15303  -  period 0  -  burst time 1055660945  -  BadB.Skip = 1  -  magnet current = -99999.0  -  dataType = 1
burst number = 15  -  run 15303  -  period 0  -  burst time 1055660962  -  BadB.Skip = 1  -  magnet current = -99999.0  -  dataType = 1
burst number = 16  -  run 15303  -  period 0  -  burst time 1055660979  -  BadB.Skip = 1  -  magnet current = -99999.0  -  dataType = 1
burst number = 17  -  run 15303  -  period 0  -  burst time 1055660996  -  BadB.Skip = 1  -  magnet current = -99999.0  -  dataType = 1
burst number = 18  -  run 15303  -  period 0  -  burst time 1055661013  -  BadB.Skip = 1  -  magnet current = -99999.0  -  dataType = 1
burst number = 19  -  run 15303  -  period 0  -  burst time 1055661029  -  BadB.Skip = 1  -  magnet current = -99999.0  -  dataType = 1
burst number = 20  -  run 15303  -  period 0  -  burst time 1055661046  -  BadB.Skip = 1  -  magnet current = -99999.0  -  dataType = 1
burst number = 21  -  run 15303  -  period 0  -  burst time 1055661063  -  BadB.Skip = 1  -  magnet current = -99999.0  -  dataType = 1
burst number = 22  -  run 15303  -  period 0  -  burst time 1055661080  -  BadB.Skip = 1  -  magnet current = -99999.0  -  dataType = 1
burst number = 23  -  run 15303  -  period 0  -  burst time 1055661097  -  BadB.Skip = 1  -  magnet current = -99999.0  -  dataType = 1
burst number = 24  -  run 15303  -  period 0  -  burst time 1055661113  -  BadB.Skip = 1  -  magnet current = -99999.0  -  dataType = 1
burst number = 25  -  run 15303  -  period 0  -  burst time 1055661130  -  BadB.Skip = 1  -  magnet current = -99999.0  -  dataType = 1
burst number = 26  -  run 15303  -  period 0  -  burst time 1055661147  -  BadB.Skip = 1  -  magnet current = -99999.0  -  dataType = 1
burst number = 27  -  run 15303  -  period 0  -  burst time 1055661164  -  BadB.Skip = 1  -  magnet current = -99999.0  -  dataType = 1
burst number = 28  -  run 15303  -  period 0  -  burst time 1055661197  -  BadB.Skip = 1  -  magnet current = -99999.0  -  dataType = 1
burst number = 29  -  run 15303  -  period 0  -  burst time 1055661214  -  BadB.Skip = 1  -  magnet current = -99999.0  -  dataType = 1
burst number = 30  -  run 15303  -  period 0  -  burst time 1055661231  -  BadB.Skip = 1  -  magnet current = -99999.0  -  dataType = 1

Job finished at Sat Nov 15 12:18:47 CET 2014 on node 
 under linux version Scientific Linux CERN SLC release 6.6 (Carbon)

CERN statistics: This process used approximately : 0:00:21 KSI2K hours (21 KSI2K seconds)
                 This process corresponds to     : 0:01:24 HS06  hours (84 HS06  seconds)


PS:

Read file </afs/cern.ch/user/r/rmarchev/compact/reader/tmp/logs/pass5/try_v1/try_v1_run_2.err> for stderr output of this job.

